\BOOKMARK [1][-]{section.1}{\376\377\000Z\000a\000d\000\341\000n\000\355}{}% 1
\BOOKMARK [1][-]{section.2}{\376\377\000P\000o\000s\000t\000u\000p\000,\000\040\000m\000e\000t\000o\000d\000y\000\040\000m\001\033\001\131\000e\000n\000\355}{}% 2
\BOOKMARK [2][-]{subsection.2.1}{\376\377\000V\000i\000s\000k\000o\000z\000i\000t\000a\000\040\000v\000o\000d\000y}{section.2}% 3
\BOOKMARK [3][-]{subsubsection.2.1.1}{\376\377\000M\000e\000t\000o\000d\000a\000\040\000U\000b\000b\000e\000l\000o\000h\000d\000e\000h\000o\000\040\000v\000i\000s\000k\000o\000z\000i\000m\000e\000t\000r\000u}{subsection.2.1}% 4
\BOOKMARK [3][-]{subsubsection.2.1.2}{\376\377\000M\000e\000t\000o\000d\000a\000\040\000M\000a\000r\000i\000o\000t\000t\000o\000v\000y\000\040\000l\000\341\000h\000v\000e}{subsection.2.1}% 5
\BOOKMARK [2][-]{subsection.2.2}{\376\377\000H\000u\000s\000t\000o\000t\000a\000\040\000l\000i\000h\000u}{section.2}% 6
\BOOKMARK [3][-]{subsubsection.2.2.1}{\376\377\000P\000y\000k\000n\000o\000m\000e\000t\000r\000i\000c\000k\000\341\000\040\000m\000e\000t\000o\000d\000a}{subsection.2.2}% 7
\BOOKMARK [3][-]{subsubsection.2.2.2}{\376\377\000M\000e\000t\000o\000d\000a\000\040\000p\000o\000n\000o\000r\000n\000\351\000h\000o\000\040\000t\001\033\000l\000\355\000s\000k\000a}{subsection.2.2}% 8
\BOOKMARK [2][-]{subsection.2.3}{\376\377\000P\000o\000v\000r\000c\000h\000o\000v\000\351\000\040\000n\000a\000p\001\033\000t\000\355}{section.2}% 9
\BOOKMARK [3][-]{subsubsection.2.3.1}{\376\377\000M\000e\000t\000o\000d\000a\000\040\000k\000r\000o\000u\001\176\000k\000u}{subsection.2.3}% 10
\BOOKMARK [3][-]{subsubsection.2.3.2}{\376\377\000m\000e\000t\000o\000d\000a\000\040\000k\000o\000n\000t\000a\000k\000t\000n\000\355\000h\000o\000\040\000\372\000h\000l\000u}{subsection.2.3}% 11
\BOOKMARK [1][-]{section.3}{\376\377\000M\001\033\001\131\000e\000n\000\355}{}% 12
\BOOKMARK [2][-]{subsection.3.1}{\376\377\000V\000i\000s\000k\000o\000z\000i\000t\000a\000\040\000v\000o\000d\000y}{section.3}% 13
\BOOKMARK [3][-]{subsubsection.3.1.1}{\376\377\000U\000b\000b\000e\000l\000o\000h\000d\000e\000h\000o\000\040\000v\000i\000s\000k\000o\000z\000i\000m\000e\000t\000r}{subsection.3.1}% 14
\BOOKMARK [3][-]{subsubsection.3.1.2}{\376\377\000M\000a\000r\000i\000o\000t\000t\000o\000v\000a\000\040\000l\000\341\000h\000e\000v}{subsection.3.1}% 15
\BOOKMARK [2][-]{subsection.3.2}{\376\377\000H\000u\000s\000t\000o\000t\000a\000\040\000l\000i\000h\000u}{section.3}% 16
\BOOKMARK [3][-]{subsubsection.3.2.1}{\376\377\000P\000y\000k\000n\000o\000m\000e\000t\000r\000i\000c\000k\000\341\000\040\000m\000e\000t\000o\000d\000a}{subsection.3.2}% 17
\BOOKMARK [3][-]{subsubsection.3.2.2}{\376\377\000M\000e\000t\000o\000d\000a\000\040\000p\000o\000n\000o\000r\000n\000\351\000h\000o\000\040\000t\001\033\000l\000\355\000s\000k\000a}{subsection.3.2}% 18
\BOOKMARK [2][-]{subsection.3.3}{\376\377\000P\000o\000v\000r\000c\000h\000o\000v\000\351\000\040\000n\000a\000p\001\033\000t\000\355}{section.3}% 19
\BOOKMARK [3][-]{subsubsection.3.3.1}{\376\377\000M\000e\000t\000o\000d\000a\000\040\000k\000r\000o\000u\001\176\000k\000u}{subsection.3.3}% 20
\BOOKMARK [3][-]{subsubsection.3.3.2}{\376\377\000M\000e\000t\000o\000d\000a\000\040\000k\000o\000n\000t\000a\000k\000t\000n\000\355\000h\000o\000\040\000\372\000h\000l\000u}{subsection.3.3}% 21
\BOOKMARK [1][-]{section.4}{\376\377\000Z\000\341\000v\001\033\000r}{}% 22
\BOOKMARK [1][-]{section.5}{\376\377\000P\000o\000u\001\176\000i\000t\000\375\000\040\000k\000\363\000d}{}% 23
\BOOKMARK [1][-]{section.6}{\376\377\000Z\000d\000r\000o\000j\000e}{}% 24
