This is pdfTeX, Version 3.141592653-2.6-1.40.25 (MiKTeX 24.1) (preloaded format=pdflatex 2024.3.10)  12 NOV 2024 21:50
entering extended mode
 restricted \write18 enabled.
 %&-line parsing enabled.
**"./Rozložení elektrického pole.tex"
(Rozložení elektrického pole.tex
LaTeX2e <2023-11-01> patch level 1
L3 programming layer <2024-02-20>
(C:\Users\teodd\AppData\Local\Programs\MiKTeX\tex/latex/base\article.cls
Document Class: article 2023/05/17 v1.4n Standard LaTeX document class
(C:\Users\teodd\AppData\Local\Programs\MiKTeX\tex/latex/base\size11.clo
File: size11.clo 2023/05/17 v1.4n Standard LaTeX file (size option)
)
\c@part=\count188
\c@section=\count189
\c@subsection=\count190
\c@subsubsection=\count191
\c@paragraph=\count192
\c@subparagraph=\count193
\c@figure=\count194
\c@table=\count195
\abovecaptionskip=\skip48
\belowcaptionskip=\skip49
\bibindent=\dimen140
)
(C:\Users\teodd\AppData\Local\Programs\MiKTeX\tex/latex/base\fontenc.sty
Package: fontenc 2021/04/29 v2.0v Standard LaTeX package
)
(C:\Users\teodd\AppData\Local\Programs\MiKTeX\tex/latex/graphics\graphicx.sty
Package: graphicx 2021/09/16 v1.2d Enhanced LaTeX Graphics (DPC,SPQR)

(C:\Users\teodd\AppData\Local\Programs\MiKTeX\tex/latex/graphics\keyval.sty
Package: keyval 2022/05/29 v1.15 key=value parser (DPC)
\KV@toks@=\toks17
)
(C:\Users\teodd\AppData\Local\Programs\MiKTeX\tex/latex/graphics\graphics.sty
Package: graphics 2022/03/10 v1.4e Standard LaTeX Graphics (DPC,SPQR)

(C:\Users\teodd\AppData\Local\Programs\MiKTeX\tex/latex/graphics\trig.sty
Package: trig 2021/08/11 v1.11 sin cos tan (DPC)
)
(C:\Users\teodd\AppData\Local\Programs\MiKTeX\tex/latex/graphics-cfg\graphics.c
fg
File: graphics.cfg 2016/06/04 v1.11 sample graphics configuration
)
Package graphics Info: Driver file: pdftex.def on input line 107.

(C:\Users\teodd\AppData\Local\Programs\MiKTeX\tex/latex/graphics-def\pdftex.def
File: pdftex.def 2022/09/22 v1.2b Graphics/color driver for pdftex
))
\Gin@req@height=\dimen141
\Gin@req@width=\dimen142
) (C:\Users\teodd\AppData\Local\Programs\MiKTeX\tex/latex/animate\animate.sty
Package: animate 2024/10/14 PDF & SVG animations from files and inline graphics

(C:\Users\teodd\AppData\Local\Programs\MiKTeX\tex/latex/base\ifthen.sty
Package: ifthen 2022/04/13 v1.1d Standard LaTeX ifthen package (DPC)
)
(C:\Users\teodd\AppData\Local\Programs\MiKTeX\tex/generic/iftex\iftex.sty
Package: iftex 2022/02/03 v1.0f TeX engine tests
)
(C:\Users\teodd\AppData\Local\Programs\MiKTeX\tex/latex/oberdiek\ifdraft.sty
Package: ifdraft 2016/05/16 v1.4 Detect class options draft and final (HO)
)
(C:\Users\teodd\AppData\Local\Programs\MiKTeX\tex/latex/tools\calc.sty
Package: calc 2023/07/08 v4.3 Infix arithmetic (KKT,FJ)
\calc@Acount=\count196
\calc@Bcount=\count197
\calc@Adimen=\dimen143
\calc@Bdimen=\dimen144
\calc@Askip=\skip50
\calc@Bskip=\skip51
LaTeX Info: Redefining \setlength on input line 80.
LaTeX Info: Redefining \addtolength on input line 81.
\calc@Ccount=\count198
\calc@Cskip=\skip52
)
(C:\Users\teodd\AppData\Local\Programs\MiKTeX\tex/latex/media9\pdfbase.sty
Package: pdfbase 2024/09/16 v0.59 driver independent access to low-level PDF fe
atures

(C:\Users\teodd\AppData\Local\Programs\MiKTeX\tex/latex/l3backend\l3backend-pdf
tex.def
File: l3backend-pdftex.def 2024-02-20 L3 backend support: PDF output (pdfTeX)
\l__color_backend_stack_int=\count199
\l__pdf_internal_box=\box51
)
\g_pbs_page_int=\count266
\g_pbs_oc_int=\count267
)
(C:\Users\teodd\AppData\Local\Programs\MiKTeX\tex/latex/zref\zref-abspage.sty
Package: zref-abspage 2023-09-14 v2.35 Module abspage for zref (HO)

(C:\Users\teodd\AppData\Local\Programs\MiKTeX\tex/latex/zref\zref-base.sty
Package: zref-base 2023-09-14 v2.35 Module base for zref (HO)

(C:\Users\teodd\AppData\Local\Programs\MiKTeX\tex/generic/ltxcmds\ltxcmds.sty
Package: ltxcmds 2023-12-04 v1.26 LaTeX kernel commands for general use (HO)
)
(C:\Users\teodd\AppData\Local\Programs\MiKTeX\tex/generic/infwarerr\infwarerr.s
ty
Package: infwarerr 2019/12/03 v1.5 Providing info/warning/error messages (HO)
)
(C:\Users\teodd\AppData\Local\Programs\MiKTeX\tex/latex/kvsetkeys\kvsetkeys.sty
Package: kvsetkeys 2022-10-05 v1.19 Key value parser (HO)
)
(C:\Users\teodd\AppData\Local\Programs\MiKTeX\tex/generic/kvdefinekeys\kvdefine
keys.sty
Package: kvdefinekeys 2019-12-19 v1.6 Define keys (HO)
)
(C:\Users\teodd\AppData\Local\Programs\MiKTeX\tex/generic/pdftexcmds\pdftexcmds
.sty
Package: pdftexcmds 2020-06-27 v0.33 Utility functions of pdfTeX for LuaTeX (HO
)
Package pdftexcmds Info: \pdf@primitive is available.
Package pdftexcmds Info: \pdf@ifprimitive is available.
Package pdftexcmds Info: \pdfdraftmode found.
)
(C:\Users\teodd\AppData\Local\Programs\MiKTeX\tex/generic/etexcmds\etexcmds.sty
Package: etexcmds 2019/12/15 v1.7 Avoid name clashes with e-TeX commands (HO)
) (C:\Users\teodd\AppData\Local\Programs\MiKTeX\tex/latex/auxhook\auxhook.sty
Package: auxhook 2019-12-17 v1.6 Hooks for auxiliary files (HO)
)
Package zref Info: New property list: main on input line 767.
Package zref Info: New property: default on input line 768.
Package zref Info: New property: page on input line 769.
)
\c@abspage=\count268
Package zref Info: New property: abspage on input line 67.
) (C:\Users\teodd\AppData\Local\Programs\MiKTeX\tex/latex/ocgx2\ocgbase.sty
Package: ocgbase 2024/09/15 v0.24 support package for ocgx2.sty
)
\@anim@box=\box52
\@anim@measbox=\box53
\@anim@tmpdima=\dimen145
\@anim@tmpdimb=\dimen146
\@anim@num=\count269
\@anim@curframe=\count270
\@anim@curframe@zb=\count271
\@anim@resizeflags=\count272
\@anim@skipfram=\count273
\@anim@mulframecnt=\count274
\@anim@@tmlnfile=\read2
\@anim@tmpcnt=\count275
\c@@anim@ltxcnt=\count276
\@anim@curlayer=\count277
\@anim@lineno=\count278
\@anim@curfield=\count279
\@anim@@resizeflags=\count280
)
(C:\Users\teodd\AppData\Local\Programs\MiKTeX\tex/latex/mathtools\mathtools.sty
Package: mathtools 2022/06/29 v1.29 mathematical typesetting tools
(C:\Users\teodd\AppData\Local\Programs\MiKTeX\tex/latex/mathtools\mhsetup.sty
Package: mhsetup 2021/03/18 v1.4 programming setup (MH)
)
(C:\Users\teodd\AppData\Local\Programs\MiKTeX\tex/latex/amsmath\amsmath.sty
Package: amsmath 2023/05/13 v2.17o AMS math features
\@mathmargin=\skip53

For additional information on amsmath, use the `?' option.
(C:\Users\teodd\AppData\Local\Programs\MiKTeX\tex/latex/amsmath\amstext.sty
Package: amstext 2021/08/26 v2.01 AMS text

(C:\Users\teodd\AppData\Local\Programs\MiKTeX\tex/latex/amsmath\amsgen.sty
File: amsgen.sty 1999/11/30 v2.0 generic functions
\@emptytoks=\toks18
\ex@=\dimen147
))
(C:\Users\teodd\AppData\Local\Programs\MiKTeX\tex/latex/amsmath\amsbsy.sty
Package: amsbsy 1999/11/29 v1.2d Bold Symbols
\pmbraise@=\dimen148
)
(C:\Users\teodd\AppData\Local\Programs\MiKTeX\tex/latex/amsmath\amsopn.sty
Package: amsopn 2022/04/08 v2.04 operator names
)
\inf@bad=\count281
LaTeX Info: Redefining \frac on input line 234.
\uproot@=\count282
\leftroot@=\count283
LaTeX Info: Redefining \overline on input line 399.
LaTeX Info: Redefining \colon on input line 410.
\classnum@=\count284
\DOTSCASE@=\count285
LaTeX Info: Redefining \ldots on input line 496.
LaTeX Info: Redefining \dots on input line 499.
LaTeX Info: Redefining \cdots on input line 620.
\Mathstrutbox@=\box54
\strutbox@=\box55
LaTeX Info: Redefining \big on input line 722.
LaTeX Info: Redefining \Big on input line 723.
LaTeX Info: Redefining \bigg on input line 724.
LaTeX Info: Redefining \Bigg on input line 725.
\big@size=\dimen149
LaTeX Font Info:    Redeclaring font encoding OML on input line 743.
LaTeX Font Info:    Redeclaring font encoding OMS on input line 744.
\macc@depth=\count286
LaTeX Info: Redefining \bmod on input line 905.
LaTeX Info: Redefining \pmod on input line 910.
LaTeX Info: Redefining \smash on input line 940.
LaTeX Info: Redefining \relbar on input line 970.
LaTeX Info: Redefining \Relbar on input line 971.
\c@MaxMatrixCols=\count287
\dotsspace@=\muskip16
\c@parentequation=\count288
\dspbrk@lvl=\count289
\tag@help=\toks19
\row@=\count290
\column@=\count291
\maxfields@=\count292
\andhelp@=\toks20
\eqnshift@=\dimen150
\alignsep@=\dimen151
\tagshift@=\dimen152
\tagwidth@=\dimen153
\totwidth@=\dimen154
\lineht@=\dimen155
\@envbody=\toks21
\multlinegap=\skip54
\multlinetaggap=\skip55
\mathdisplay@stack=\toks22
LaTeX Info: Redefining \[ on input line 2953.
LaTeX Info: Redefining \] on input line 2954.
)
\g_MT_multlinerow_int=\count293
\l_MT_multwidth_dim=\dimen156
\origjot=\skip56
\l_MT_shortvdotswithinadjustabove_dim=\dimen157
\l_MT_shortvdotswithinadjustbelow_dim=\dimen158
\l_MT_above_intertext_sep=\dimen159
\l_MT_below_intertext_sep=\dimen160
\l_MT_above_shortintertext_sep=\dimen161
\l_MT_below_shortintertext_sep=\dimen162
\xmathstrut@box=\box56
\xmathstrut@dim=\dimen163
)
(C:\Users\teodd\AppData\Local\Programs\MiKTeX\tex/latex/amsfonts\amssymb.sty
Package: amssymb 2013/01/14 v3.01 AMS font symbols

(C:\Users\teodd\AppData\Local\Programs\MiKTeX\tex/latex/amsfonts\amsfonts.sty
Package: amsfonts 2013/01/14 v3.01 Basic AMSFonts support
\symAMSa=\mathgroup4
\symAMSb=\mathgroup5
LaTeX Font Info:    Redeclaring math symbol \hbar on input line 98.
LaTeX Font Info:    Overwriting math alphabet `\mathfrak' in version `bold'
(Font)                  U/euf/m/n --> U/euf/b/n on input line 106.
)) (C:\Users\teodd\AppData\Local\Programs\MiKTeX\tex/latex/amscls\amsthm.sty
Package: amsthm 2020/05/29 v2.20.6
\thm@style=\toks23
\thm@bodyfont=\toks24
\thm@headfont=\toks25
\thm@notefont=\toks26
\thm@headpunct=\toks27
\thm@preskip=\skip57
\thm@postskip=\skip58
\thm@headsep=\skip59
\dth@everypar=\toks28
)
(C:\Users\teodd\AppData\Local\Programs\MiKTeX\tex/latex/thmtools\thmtools.sty
Package: thmtools 2023/05/04 v0.76
\thmt@toks=\toks29
\c@thmt@dummyctr=\count294

(C:\Users\teodd\AppData\Local\Programs\MiKTeX\tex/latex/thmtools\thm-patch.sty
Package: thm-patch 2023/05/04 v0.76

(C:\Users\teodd\AppData\Local\Programs\MiKTeX\tex/latex/thmtools\parseargs.sty
Package: parseargs 2023/05/04 v0.76
\@parsespec=\toks30
)) (C:\Users\teodd\AppData\Local\Programs\MiKTeX\tex/latex/thmtools\thm-kv.sty
Package: thm-kv 2023/05/04 v0.76
Package thm-kv Info: Theorem names will be uppercased on input line 42.
Package thm-kv Info: kvsetkeys patch (v1.16 or later) on input line 158.
)
(C:\Users\teodd\AppData\Local\Programs\MiKTeX\tex/latex/thmtools\thm-autoref.st
y
Package: thm-autoref 2023/05/04 v0.76
 (C:\Users\teodd\AppData\Local\Programs\MiKTeX\tex/latex/thmtools\aliasctr.sty
Package: aliasctr 2023/05/04 v0.76
))
(C:\Users\teodd\AppData\Local\Programs\MiKTeX\tex/latex/thmtools\thm-listof.sty
Package: thm-listof 2023/05/04 v0.76
)
(C:\Users\teodd\AppData\Local\Programs\MiKTeX\tex/latex/thmtools\thm-restate.st
y
Package: thm-restate 2023/05/04 v0.76
)
(C:\Users\teodd\AppData\Local\Programs\MiKTeX\tex/latex/thmtools\thm-amsthm.sty
Package: thm-amsthm 2023/05/04 v0.76
\thmt@style@headstyle=\toks31
)) (C:\Users\teodd\AppData\Local\Programs\MiKTeX\tex/latex/diagbox\diagbox.sty
Package: diagbox 2020/02/09 v2.3 Making table heads with diagonal lines

(C:\Users\teodd\AppData\Local\Programs\MiKTeX\tex/latex/pict2e\pict2e.sty
Package: pict2e 2020/09/30 v0.4b Improved picture commands (HjG,RN,JT)

(C:\Users\teodd\AppData\Local\Programs\MiKTeX\tex/latex/pict2e\pict2e.cfg
File: pict2e.cfg 2016/02/05 v0.1u pict2e configuration for teTeX/TeXLive
)
Package pict2e Info: Driver file: pdftex.def on input line 112.
Package pict2e Info: Driver file for pict2e: p2e-pdftex.def on input line 114.

(C:\Users\teodd\AppData\Local\Programs\MiKTeX\tex/latex/pict2e\p2e-pdftex.def
File: p2e-pdftex.def 2016/02/05 v0.1u Driver-dependant file (RN,HjG,JT)
)
\pIIe@GRAPH=\toks32
\@arclen=\dimen164
\@arcrad=\dimen165
\pIIe@tempdima=\dimen166
\pIIe@tempdimb=\dimen167
\pIIe@tempdimc=\dimen168
\pIIe@tempdimd=\dimen169
\pIIe@tempdime=\dimen170
\pIIe@tempdimf=\dimen171
) (C:\Users\teodd\AppData\Local\Programs\MiKTeX\tex/latex/tools\array.sty
Package: array 2023/10/16 v2.5g Tabular extension package (FMi)
\col@sep=\dimen172
\ar@mcellbox=\box57
\extrarowheight=\dimen173
\NC@list=\toks33
\extratabsurround=\skip60
\backup@length=\skip61
\ar@cellbox=\box58
)
\diagbox@boxa=\box59
\diagbox@boxb=\box60
\diagbox@boxm=\box61
\diagbox@wd=\dimen174
\diagbox@ht=\dimen175
\diagbox@insepl=\dimen176
\diagbox@insepr=\dimen177
\diagbox@outsepl=\dimen178
\diagbox@outsepr=\dimen179
)
(C:\Users\teodd\AppData\Local\Programs\MiKTeX\tex/latex/xcolor\xcolor.sty
Package: xcolor 2023/11/15 v3.01 LaTeX color extensions (UK)

(C:\Users\teodd\AppData\Local\Programs\MiKTeX\tex/latex/graphics-cfg\color.cfg
File: color.cfg 2016/01/02 v1.6 sample color configuration
)
Package xcolor Info: Driver file: pdftex.def on input line 274.
(C:\Users\teodd\AppData\Local\Programs\MiKTeX\tex/latex/graphics\mathcolor.ltx)
Package xcolor Info: Model `cmy' substituted by `cmy0' on input line 1350.
Package xcolor Info: Model `hsb' substituted by `rgb' on input line 1354.
Package xcolor Info: Model `RGB' extended on input line 1366.
Package xcolor Info: Model `HTML' substituted by `rgb' on input line 1368.
Package xcolor Info: Model `Hsb' substituted by `hsb' on input line 1369.
Package xcolor Info: Model `tHsb' substituted by `hsb' on input line 1370.
Package xcolor Info: Model `HSB' substituted by `hsb' on input line 1371.
Package xcolor Info: Model `Gray' substituted by `gray' on input line 1372.
Package xcolor Info: Model `wave' substituted by `hsb' on input line 1373.
) (C:\Users\teodd\AppData\Local\Programs\MiKTeX\tex/latex/hyperref\nameref.sty
Package: nameref 2023-11-26 v2.56 Cross-referencing by name of section

(C:\Users\teodd\AppData\Local\Programs\MiKTeX\tex/latex/refcount\refcount.sty
Package: refcount 2019/12/15 v3.6 Data extraction from label references (HO)
)
(C:\Users\teodd\AppData\Local\Programs\MiKTeX\tex/generic/gettitlestring\gettit
lestring.sty
Package: gettitlestring 2019/12/15 v1.6 Cleanup title references (HO)

(C:\Users\teodd\AppData\Local\Programs\MiKTeX\tex/latex/kvoptions\kvoptions.sty
Package: kvoptions 2022-06-15 v3.15 Key value format for package options (HO)
))
\c@section@level=\count295
) (C:\Users\teodd\AppData\Local\Programs\MiKTeX\tex/generic/babel\babel.sty
Package: babel 2024/02/07 v24.2 The Babel package
\babel@savecnt=\count296
\U@D=\dimen180
\l@unhyphenated=\language79

(C:\Users\teodd\AppData\Local\Programs\MiKTeX\tex/generic/babel\txtbabel.def)
\bbl@readstream=\read3
\bbl@dirlevel=\count297

*************************************
* Local config file bblopts.cfg used
*
(C:\Users\teodd\AppData\Local\Programs\MiKTeX\tex/latex/arabi\bblopts.cfg
File: bblopts.cfg 2005/09/08 v0.1 add Arabic and Farsi to "declared" options of
 babel
)
(C:\Users\teodd\AppData\Local\Programs\MiKTeX\tex/latex/babel-czech\czech.ldf
Language: czech 2008/07/06 v3.1a Czech support from the babel system
Package babel Info: Making " an active character on input line 172.
\cs@wordlen=\count298
Package babel Info: Making - an active character on input line 226.
))
(C:\Users\teodd\AppData\Local\Programs\MiKTeX\tex/generic/babel/locale/cs\babel
-czech.tex
Package babel Info: Importing font and identification data for czech
(babel)             from babel-cs.ini. Reported on input line 11.
)
(C:\Users\teodd\AppData\Local\Programs\MiKTeX\tex/latex/hyperref\hyperref.sty
Package: hyperref 2024-01-20 v7.01h Hypertext links for LaTeX

(C:\Users\teodd\AppData\Local\Programs\MiKTeX\tex/generic/pdfescape\pdfescape.s
ty
Package: pdfescape 2019/12/09 v1.15 Implements pdfTeX's escape features (HO)
) (C:\Users\teodd\AppData\Local\Programs\MiKTeX\tex/latex/hycolor\hycolor.sty
Package: hycolor 2020-01-27 v1.10 Color options for hyperref/bookmark (HO)
) (C:\Users\teodd\AppData\Local\Programs\MiKTeX\tex/latex/etoolbox\etoolbox.sty
Package: etoolbox 2020/10/05 v2.5k e-TeX tools for LaTeX (JAW)
\etb@tempcnta=\count299
)
\@linkdim=\dimen181
\Hy@linkcounter=\count300
\Hy@pagecounter=\count301
 (C:\Users\teodd\AppData\Local\Programs\MiKTeX\tex/latex/hyperref\pd1enc.def
File: pd1enc.def 2024-01-20 v7.01h Hyperref: PDFDocEncoding definition (HO)
Now handling font encoding PD1 ...
... no UTF-8 mapping file for font encoding PD1
)
(C:\Users\teodd\AppData\Local\Programs\MiKTeX\tex/generic/intcalc\intcalc.sty
Package: intcalc 2019/12/15 v1.3 Expandable calculations with integers (HO)
)
\Hy@SavedSpaceFactor=\count302

(C:\Users\teodd\AppData\Local\Programs\MiKTeX\tex/latex/hyperref\puenc.def
File: puenc.def 2024-01-20 v7.01h Hyperref: PDF Unicode definition (HO)
Now handling font encoding PU ...
... no UTF-8 mapping file for font encoding PU
)
Package hyperref Info: Hyper figures OFF on input line 4179.
Package hyperref Info: Link nesting OFF on input line 4184.
Package hyperref Info: Hyper index ON on input line 4187.
Package hyperref Info: Plain pages OFF on input line 4194.
Package hyperref Info: Backreferencing OFF on input line 4199.
Package hyperref Info: Implicit mode ON; LaTeX internals redefined.
Package hyperref Info: Bookmarks ON on input line 4446.
\c@Hy@tempcnt=\count303

(C:\Users\teodd\AppData\Local\Programs\MiKTeX\tex/latex/url\url.sty
\Urlmuskip=\muskip17
Package: url 2013/09/16  ver 3.4  Verb mode for urls, etc.
)
LaTeX Info: Redefining \url on input line 4784.
\XeTeXLinkMargin=\dimen182

(C:\Users\teodd\AppData\Local\Programs\MiKTeX\tex/generic/bitset\bitset.sty
Package: bitset 2019/12/09 v1.3 Handle bit-vector datatype (HO)

(C:\Users\teodd\AppData\Local\Programs\MiKTeX\tex/generic/bigintcalc\bigintcalc
.sty
Package: bigintcalc 2019/12/15 v1.5 Expandable calculations on big integers (HO
)
))
\Fld@menulength=\count304
\Field@Width=\dimen183
\Fld@charsize=\dimen184
Package hyperref Info: Hyper figures OFF on input line 6063.
Package hyperref Info: Link nesting OFF on input line 6068.
Package hyperref Info: Hyper index ON on input line 6071.
Package hyperref Info: backreferencing OFF on input line 6078.
Package hyperref Info: Link coloring OFF on input line 6083.
Package hyperref Info: Link coloring with OCG OFF on input line 6088.
Package hyperref Info: PDF/A mode OFF on input line 6093.

(C:\Users\teodd\AppData\Local\Programs\MiKTeX\tex/latex/base\atbegshi-ltx.sty
Package: atbegshi-ltx 2021/01/10 v1.0c Emulation of the original atbegshi
package with kernel methods
)
\Hy@abspage=\count305
\c@Item=\count306
\c@Hfootnote=\count307
)
Package hyperref Info: Driver (autodetected): hpdftex.
(C:\Users\teodd\AppData\Local\Programs\MiKTeX\tex/latex/hyperref\hpdftex.def
File: hpdftex.def 2024-01-20 v7.01h Hyperref driver for pdfTeX

(C:\Users\teodd\AppData\Local\Programs\MiKTeX\tex/latex/base\atveryend-ltx.sty
Package: atveryend-ltx 2020/08/19 v1.0a Emulation of the original atveryend pac
kage
with kernel methods
)
\HyAnn@Count=\count308
\Fld@listcount=\count309
\c@bookmark@seq@number=\count310

(C:\Users\teodd\AppData\Local\Programs\MiKTeX\tex/latex/rerunfilecheck\rerunfil
echeck.sty
Package: rerunfilecheck 2022-07-10 v1.10 Rerun checks for auxiliary files (HO)

(C:\Users\teodd\AppData\Local\Programs\MiKTeX\tex/generic/uniquecounter\uniquec
ounter.sty
Package: uniquecounter 2019/12/15 v1.4 Provide unlimited unique counter (HO)
)
Package uniquecounter Info: New unique counter `rerunfilecheck' on input line 2
85.
)
\Hy@SectionHShift=\skip62
)
(C:\Users\teodd\AppData\Local\Programs\MiKTeX\tex/latex/tools\multicol.sty
Package: multicol 2023/03/30 v1.9f multicolumn formatting (FMi)
\c@tracingmulticols=\count311
\mult@box=\box62
\multicol@leftmargin=\dimen185
\c@unbalance=\count312
\c@collectmore=\count313
\doublecol@number=\count314
\multicoltolerance=\count315
\multicolpretolerance=\count316
\full@width=\dimen186
\page@free=\dimen187
\premulticols=\dimen188
\postmulticols=\dimen189
\multicolsep=\skip63
\multicolbaselineskip=\skip64
\partial@page=\box63
\last@line=\box64
\mc@boxedresult=\box65
\maxbalancingoverflow=\dimen190
\mult@rightbox=\box66
\mult@grightbox=\box67
\mult@firstbox=\box68
\mult@gfirstbox=\box69
\@tempa=\box70
\@tempa=\box71
\@tempa=\box72
\@tempa=\box73
\@tempa=\box74
\@tempa=\box75
\@tempa=\box76
\@tempa=\box77
\@tempa=\box78
\@tempa=\box79
\@tempa=\box80
\@tempa=\box81
\@tempa=\box82
\@tempa=\box83
\@tempa=\box84
\@tempa=\box85
\@tempa=\box86
\@tempa=\box87
\@tempa=\box88
\@tempa=\box89
\@tempa=\box90
\@tempa=\box91
\@tempa=\box92
\@tempa=\box93
\@tempa=\box94
\@tempa=\box95
\@tempa=\box96
\@tempa=\box97
\@tempa=\box98
\@tempa=\box99
\@tempa=\box100
\@tempa=\box101
\@tempa=\box102
\@tempa=\box103
\@tempa=\box104
\@tempa=\box105
\c@minrows=\count317
\c@columnbadness=\count318
\c@finalcolumnbadness=\count319
\last@try=\dimen191
\multicolovershoot=\dimen192
\multicolundershoot=\dimen193
\mult@nat@firstbox=\box106
\colbreak@box=\box107
\mc@col@check@num=\count320
)
(C:\Users\teodd\AppData\Local\Programs\MiKTeX\tex/latex/adjustbox\adjustbox.sty
Package: adjustbox 2022/10/17 v1.3a Adjusting TeX boxes (trim, clip, ...)
(C:\Users\teodd\AppData\Local\Programs\MiKTeX\tex/latex/xkeyval\xkeyval.sty
Package: xkeyval 2022/06/16 v2.9 package option processing (HA)

(C:\Users\teodd\AppData\Local\Programs\MiKTeX\tex/generic/xkeyval\xkeyval.tex
(C:\Users\teodd\AppData\Local\Programs\MiKTeX\tex/generic/xkeyval\xkvutils.tex
\XKV@toks=\toks34
\XKV@tempa@toks=\toks35
)
\XKV@depth=\count321
File: xkeyval.tex 2014/12/03 v2.7a key=value parser (HA)
))
(C:\Users\teodd\AppData\Local\Programs\MiKTeX\tex/latex/adjustbox\adjcalc.sty
Package: adjcalc 2012/05/16 v1.1 Provides advanced setlength with multiple back
-ends (calc, etex, pgfmath)
)
(C:\Users\teodd\AppData\Local\Programs\MiKTeX\tex/latex/adjustbox\trimclip.sty
Package: trimclip 2020/08/19 v1.2 Trim and clip general TeX material

(C:\Users\teodd\AppData\Local\Programs\MiKTeX\tex/latex/collectbox\collectbox.s
ty
Package: collectbox 2022/10/17 v0.4c Collect macro arguments as boxes
\collectedbox=\box108
)
\tc@llx=\dimen194
\tc@lly=\dimen195
\tc@urx=\dimen196
\tc@ury=\dimen197
Package trimclip Info: Using driver 'tc-pdftex.def'.

(C:\Users\teodd\AppData\Local\Programs\MiKTeX\tex/latex/adjustbox\tc-pdftex.def
File: tc-pdftex.def 2019/01/04 v2.2 Clipping driver for pdftex
))
\adjbox@Width=\dimen198
\adjbox@Height=\dimen199
\adjbox@Depth=\dimen256
\adjbox@Totalheight=\dimen257
\adjbox@pwidth=\dimen258
\adjbox@pheight=\dimen259
\adjbox@pdepth=\dimen260
\adjbox@ptotalheight=\dimen261

(C:\Users\teodd\AppData\Local\Programs\MiKTeX\tex/latex/ifoddpage\ifoddpage.sty
Package: ifoddpage 2022/10/18 v1.2 Conditionals for odd/even page detection
\c@checkoddpage=\count322
) (C:\Users\teodd\AppData\Local\Programs\MiKTeX\tex/latex/varwidth\varwidth.sty
Package: varwidth 2009/03/30 ver 0.92;  Variable-width minipages
\@vwid@box=\box109
\sift@deathcycles=\count323
\@vwid@loff=\dimen262
\@vwid@roff=\dimen263
))
(C:\Users\teodd\AppData\Local\Programs\MiKTeX\tex/latex/caption\subcaption.sty
Package: subcaption 2023/07/28 v1.6b Sub-captions (AR)

(C:\Users\teodd\AppData\Local\Programs\MiKTeX\tex/latex/caption\caption.sty
Package: caption 2023/08/05 v3.6o Customizing captions (AR)

(C:\Users\teodd\AppData\Local\Programs\MiKTeX\tex/latex/caption\caption3.sty
Package: caption3 2023/07/31 v2.4d caption3 kernel (AR)
\caption@tempdima=\dimen264
\captionmargin=\dimen265
\caption@leftmargin=\dimen266
\caption@rightmargin=\dimen267
\caption@width=\dimen268
\caption@indent=\dimen269
\caption@parindent=\dimen270
\caption@hangindent=\dimen271
Package caption Info: Standard document class detected.
)
\c@caption@flags=\count324
\c@continuedfloat=\count325
Package caption Info: hyperref package is loaded.
)
Package caption Info: New subtype `subfigure' on input line 238.
\c@subfigure=\count326
Package caption Info: New subtype `subtable' on input line 238.
\c@subtable=\count327
) (C:\Users\teodd\AppData\Local\Programs\MiKTeX\tex/latex/multirow\multirow.sty
Package: multirow 2021/03/15 v2.8 Span multiple rows of a table
\multirow@colwidth=\skip65
\multirow@cntb=\count328
\multirow@dima=\skip66
\bigstrutjot=\dimen272
) (C:\Users\teodd\AppData\Local\Programs\MiKTeX\tex/latex/float\float.sty
Package: float 2001/11/08 v1.3d Float enhancements (AL)
\c@float@type=\count329
\float@exts=\toks36
\float@box=\box110
\@float@everytoks=\toks37
\@floatcapt=\box111
)
(C:\Users\teodd\AppData\Local\Programs\MiKTeX\tex/latex/placeins\placeins.sty
Package: placeins 2005/04/18  v 2.2
)
(C:\Users\teodd\AppData\Local\Programs\MiKTeX\tex/latex/geometry\geometry.sty
Package: geometry 2020/01/02 v5.9 Page Geometry

(C:\Users\teodd\AppData\Local\Programs\MiKTeX\tex/generic/iftex\ifvtex.sty
Package: ifvtex 2019/10/25 v1.7 ifvtex legacy package. Use iftex instead.
)
\Gm@cnth=\count330
\Gm@cntv=\count331
\c@Gm@tempcnt=\count332
\Gm@bindingoffset=\dimen273
\Gm@wd@mp=\dimen274
\Gm@odd@mp=\dimen275
\Gm@even@mp=\dimen276
\Gm@layoutwidth=\dimen277
\Gm@layoutheight=\dimen278
\Gm@layouthoffset=\dimen279
\Gm@layoutvoffset=\dimen280
\Gm@dimlist=\toks38

(C:\Users\teodd\AppData\Local\Programs\MiKTeX\tex/latex/geometry\geometry.cfg))
\jmenopraktika=\toks39
\jmeno=\toks40
\datum=\toks41
\obor=\toks42
\skupina=\toks43
\rocnik=\toks44
\semestr=\toks45
\cisloulohy=\toks46
\jmenoulohy=\toks47
\tlak=\toks48
\teplota=\toks49
\vlhkost=\toks50
(Rozložení elektrického pole.aux)
\openout1 = `"Rozložení elektrického pole.aux"'.

LaTeX Font Info:    Checking defaults for OML/cmm/m/it on input line 88.
LaTeX Font Info:    ... okay on input line 88.
LaTeX Font Info:    Checking defaults for OMS/cmsy/m/n on input line 88.
LaTeX Font Info:    ... okay on input line 88.
LaTeX Font Info:    Checking defaults for OT1/cmr/m/n on input line 88.
LaTeX Font Info:    ... okay on input line 88.
LaTeX Font Info:    Checking defaults for T1/cmr/m/n on input line 88.
LaTeX Font Info:    ... okay on input line 88.
LaTeX Font Info:    Checking defaults for TS1/cmr/m/n on input line 88.
LaTeX Font Info:    ... okay on input line 88.
LaTeX Font Info:    Checking defaults for OMX/cmex/m/n on input line 88.
LaTeX Font Info:    ... okay on input line 88.
LaTeX Font Info:    Checking defaults for U/cmr/m/n on input line 88.
LaTeX Font Info:    ... okay on input line 88.
LaTeX Font Info:    Checking defaults for PD1/pdf/m/n on input line 88.
LaTeX Font Info:    ... okay on input line 88.
LaTeX Font Info:    Checking defaults for PU/pdf/m/n on input line 88.
LaTeX Font Info:    ... okay on input line 88.

(C:\Users\teodd\AppData\Local\Programs\MiKTeX\tex/context/base/mkii\supp-pdf.mk
ii
[Loading MPS to PDF converter (version 2006.09.02).]
\scratchcounter=\count333
\scratchdimen=\dimen281
\scratchbox=\box112
\nofMPsegments=\count334
\nofMParguments=\count335
\everyMPshowfont=\toks51
\MPscratchCnt=\count336
\MPscratchDim=\dimen282
\MPnumerator=\count337
\makeMPintoPDFobject=\count338
\everyMPtoPDFconversion=\toks52
)
(C:\Users\teodd\AppData\Local\Programs\MiKTeX\tex/latex/epstopdf-pkg\epstopdf-b
ase.sty
Package: epstopdf-base 2020-01-24 v2.11 Base part for package epstopdf
Package epstopdf-base Info: Redefining graphics rule for `.eps' on input line 4
85.

(C:\Users\teodd\AppData\Local\Programs\MiKTeX\tex/latex/00miktex\epstopdf-sys.c
fg
File: epstopdf-sys.cfg 2021/03/18 v2.0 Configuration of epstopdf for MiKTeX
))
Package hyperref Info: Link coloring OFF on input line 88.
 (Rozložení elektrického pole.out) (Rozložení elektrického pole.out)
\@outlinefile=\write3
\openout3 = `"Rozložení elektrického pole.out"'.

Package caption Info: Begin \AtBeginDocument code.
Package caption Info: float package is loaded.
Package caption Info: End \AtBeginDocument code.

*geometry* driver: auto-detecting
*geometry* detected driver: pdftex
*geometry* verbose mode - [ preamble ] result:
* driver: pdftex
* paper: a4paper
* layout: <same size as paper>
* layoutoffset:(h,v)=(0.0pt,0.0pt)
* modes: 
* h-part:(L,W,R)=(56.9055pt, 483.69687pt, 56.9055pt)
* v-part:(T,H,B)=(56.9055pt, 731.23584pt, 56.9055pt)
* \paperwidth=597.50787pt
* \paperheight=845.04684pt
* \textwidth=483.69687pt
* \textheight=731.23584pt
* \oddsidemargin=-15.36449pt
* \evensidemargin=-15.36449pt
* \topmargin=-52.36449pt
* \headheight=12.0pt
* \headsep=25.0pt
* \topskip=11.0pt
* \footskip=30.0pt
* \marginparwidth=50.0pt
* \marginparsep=10.0pt
* \columnsep=10.0pt
* \skip\footins=10.0pt plus 4.0pt minus 2.0pt
* \hoffset=0.0pt
* \voffset=0.0pt
* \mag=1000
* \@twocolumnfalse
* \@twosidefalse
* \@mparswitchfalse
* \@reversemarginfalse
* (1in=72.27pt=25.4mm, 1cm=28.453pt)

LaTeX Font Info:    Trying to load font information for T1+cmss on input line 9
7.
(C:\Users\teodd\AppData\Local\Programs\MiKTeX\tex/latex/base\t1cmss.fd
File: t1cmss.fd 2023/04/13 v2.5m Standard LaTeX font definitions
)
LaTeX Font Info:    Trying to load font information for U+msa on input line 110
.

(C:\Users\teodd\AppData\Local\Programs\MiKTeX\tex/latex/amsfonts\umsa.fd
File: umsa.fd 2013/01/14 v3.01 AMS symbols A
)
LaTeX Font Info:    Trying to load font information for U+msb on input line 110
.

(C:\Users\teodd\AppData\Local\Programs\MiKTeX\tex/latex/amsfonts\umsb.fd
File: umsb.fd 2013/01/14 v3.01 AMS symbols B
)
Overfull \hbox (2.41779pt too wide) in paragraph at lines 108--119
 []
 []


Underfull \hbox (badness 10000) in paragraph at lines 108--119

 []


Underfull \hbox (badness 10000) in paragraph at lines 149--152

 []

<./images/2024_10_15_71c3161fc9161f95056eg-1.jpg, id=23, 829.0975pt x 565.11125
pt>
File: ./images/2024_10_15_71c3161fc9161f95056eg-1.jpg Graphic file (type jpg)
<use ./images/2024_10_15_71c3161fc9161f95056eg-1.jpg>
Package pdftex.def Info: ./images/2024_10_15_71c3161fc9161f95056eg-1.jpg  used 
on input line 174.
(pdftex.def)             Requested size: 829.09549pt x 565.10986pt.

Overfull \hbox (4.98795pt too wide) in paragraph at lines 174--175
[][] 
 []

[1

{C:/Users/teodd/AppData/Local/MiKTeX/fonts/map/pdftex/pdftex.map} <./images/202
4_10_15_71c3161fc9161f95056eg-1.jpg>]
<./images/2024_10_15_71c3161fc9161f95056eg-2.jpg, id=53, 975.645pt x 554.07pt>
File: ./images/2024_10_15_71c3161fc9161f95056eg-2.jpg Graphic file (type jpg)
<use ./images/2024_10_15_71c3161fc9161f95056eg-2.jpg>
Package pdftex.def Info: ./images/2024_10_15_71c3161fc9161f95056eg-2.jpg  used 
on input line 222.
(pdftex.def)             Requested size: 975.64262pt x 554.06865pt.

Underfull \hbox (badness 10000) in paragraph at lines 220--225

 []

[2 <./images/2024_10_15_71c3161fc9161f95056eg-2.jpg>]
<./images/2024_10_15_71c3161fc9161f95056eg-5.jpg, id=76, 1635.10875pt x 436.631
26pt>
File: ./images/2024_10_15_71c3161fc9161f95056eg-5.jpg Graphic file (type jpg)
<use ./images/2024_10_15_71c3161fc9161f95056eg-5.jpg>
Package pdftex.def Info: ./images/2024_10_15_71c3161fc9161f95056eg-5.jpg  used 
on input line 359.
(pdftex.def)             Requested size: 1635.10478pt x 436.63019pt.

Underfull \hbox (badness 10000) in paragraph at lines 357--361

 []

[3]
<./images/plot_0.png, id=89, 622.7265pt x 604.8999pt>
File: ./images/plot_0.png Graphic file (type png)
<use ./images/plot_0.png>
Package pdftex.def Info: ./images/plot_0.png  used on input line 396.
(pdftex.def)             Requested size: 622.72499pt x 604.89842pt.
 <./images/plot_0.png> <a0,fr0>
<./images/plot_1.png, id=94, 622.7265pt x 604.8999pt>
File: ./images/plot_1.png Graphic file (type png)
<use ./images/plot_1.png>
Package pdftex.def Info: ./images/plot_1.png  used on input line 396.
(pdftex.def)             Requested size: 622.72499pt x 604.89842pt.
 <./images/plot_1.png> <a0,fr1>
<./images/plot_2.png, id=98, 622.7265pt x 604.8999pt>
File: ./images/plot_2.png Graphic file (type png)
<use ./images/plot_2.png>
Package pdftex.def Info: ./images/plot_2.png  used on input line 396.
(pdftex.def)             Requested size: 622.72499pt x 604.89842pt.
 <./images/plot_2.png> <a0,fr2>
<./images/plot_3.png, id=102, 622.7265pt x 604.8999pt>
File: ./images/plot_3.png Graphic file (type png)
<use ./images/plot_3.png>
Package pdftex.def Info: ./images/plot_3.png  used on input line 396.
(pdftex.def)             Requested size: 622.72499pt x 604.89842pt.
 <./images/plot_3.png> <a0,fr3>
<./images/plot_4.png, id=106, 622.7265pt x 604.8999pt>
File: ./images/plot_4.png Graphic file (type png)
<use ./images/plot_4.png>
Package pdftex.def Info: ./images/plot_4.png  used on input line 396.
(pdftex.def)             Requested size: 622.72499pt x 604.89842pt.
 <./images/plot_4.png>
<a0,fr4>
<./images/plot_5.png, id=110, 622.7265pt x 604.8999pt>
File: ./images/plot_5.png Graphic file (type png)
<use ./images/plot_5.png>
Package pdftex.def Info: ./images/plot_5.png  used on input line 396.
(pdftex.def)             Requested size: 622.72499pt x 604.89842pt.
 <./images/plot_5.png> <a0,fr5>
<./images/plot_6.png, id=114, 622.7265pt x 604.8999pt>
File: ./images/plot_6.png Graphic file (type png)
<use ./images/plot_6.png>
Package pdftex.def Info: ./images/plot_6.png  used on input line 396.
(pdftex.def)             Requested size: 622.72499pt x 604.89842pt.
 <./images/plot_6.png> <a0,fr6>
<./images/plot_7.png, id=118, 622.7265pt x 604.8999pt>
File: ./images/plot_7.png Graphic file (type png)
<use ./images/plot_7.png>
Package pdftex.def Info: ./images/plot_7.png  used on input line 396.
(pdftex.def)             Requested size: 622.72499pt x 604.89842pt.
 <./images/plot_7.png> <a0,fr7>
<./images/plot_8.png, id=122, 622.7265pt x 604.8999pt>
File: ./images/plot_8.png Graphic file (type png)
<use ./images/plot_8.png>
Package pdftex.def Info: ./images/plot_8.png  used on input line 396.
(pdftex.def)             Requested size: 622.72499pt x 604.89842pt.
 <./images/plot_8.png> <a0,fr8>
<./images/plot_9.png, id=126, 622.7265pt x 604.8999pt>
File: ./images/plot_9.png Graphic file (type png)
<use ./images/plot_9.png>
Package pdftex.def Info: ./images/plot_9.png  used on input line 396.
(pdftex.def)             Requested size: 622.72499pt x 604.89842pt.
 <./images/plot_9.png>
<a0,fr9>
<./images/plot_10.png, id=130, 622.7265pt x 604.8999pt>
File: ./images/plot_10.png Graphic file (type png)
<use ./images/plot_10.png>
Package pdftex.def Info: ./images/plot_10.png  used on input line 396.
(pdftex.def)             Requested size: 622.72499pt x 604.89842pt.
 <./images/plot_10.png> <a0,fr10>
<./images/plot_11.png, id=134, 622.7265pt x 604.8999pt>
File: ./images/plot_11.png Graphic file (type png)
<use ./images/plot_11.png>
Package pdftex.def Info: ./images/plot_11.png  used on input line 396.
(pdftex.def)             Requested size: 622.72499pt x 604.89842pt.
 <./images/plot_11.png> <a0,fr11>
<./images/plot_12.png, id=138, 622.7265pt x 604.8999pt>
File: ./images/plot_12.png Graphic file (type png)
<use ./images/plot_12.png>
Package pdftex.def Info: ./images/plot_12.png  used on input line 396.
(pdftex.def)             Requested size: 622.72499pt x 604.89842pt.
 <./images/plot_12.png> <a0,fr12>
<./images/plot_13.png, id=142, 622.7265pt x 604.8999pt>
File: ./images/plot_13.png Graphic file (type png)
<use ./images/plot_13.png>
Package pdftex.def Info: ./images/plot_13.png  used on input line 396.
(pdftex.def)             Requested size: 622.72499pt x 604.89842pt.
 <./images/plot_13.png> <a0,fr13>
<./images/plot_14.png, id=146, 622.7265pt x 604.8999pt>
File: ./images/plot_14.png Graphic file (type png)
<use ./images/plot_14.png>
Package pdftex.def Info: ./images/plot_14.png  used on input line 396.
(pdftex.def)             Requested size: 622.72499pt x 604.89842pt.
 <./images/plot_14.png> <a0,fr14>
<./images/plot_15.png, id=150, 622.7265pt x 604.8999pt>
File: ./images/plot_15.png Graphic file (type png)
<use ./images/plot_15.png>
Package pdftex.def Info: ./images/plot_15.png  used on input line 396.
(pdftex.def)             Requested size: 622.72499pt x 604.89842pt.
 <./images/plot_15.png> <a0,fr15>
<./images/plot_16.png, id=154, 622.7265pt x 604.8999pt>
File: ./images/plot_16.png Graphic file (type png)
<use ./images/plot_16.png>
Package pdftex.def Info: ./images/plot_16.png  used on input line 396.
(pdftex.def)             Requested size: 622.72499pt x 604.89842pt.
 <./images/plot_16.png>
<a0,fr16>
<./images/plot_17.png, id=158, 622.7265pt x 604.8999pt>
File: ./images/plot_17.png Graphic file (type png)
<use ./images/plot_17.png>
Package pdftex.def Info: ./images/plot_17.png  used on input line 396.
(pdftex.def)             Requested size: 622.72499pt x 604.89842pt.
 <./images/plot_17.png> <a0,fr17>
<./images/plot_18.png, id=162, 622.7265pt x 604.8999pt>
File: ./images/plot_18.png Graphic file (type png)
<use ./images/plot_18.png>
Package pdftex.def Info: ./images/plot_18.png  used on input line 396.
(pdftex.def)             Requested size: 622.72499pt x 604.89842pt.
 <./images/plot_18.png> <a0,fr18>
<./images/plot_19.png, id=166, 622.7265pt x 604.8999pt>
File: ./images/plot_19.png Graphic file (type png)
<use ./images/plot_19.png>
Package pdftex.def Info: ./images/plot_19.png  used on input line 396.
(pdftex.def)             Requested size: 622.72499pt x 604.89842pt.
 <./images/plot_19.png> <a0,fr19>
<./images/plot_20.png, id=170, 622.7265pt x 604.8999pt>
File: ./images/plot_20.png Graphic file (type png)
<use ./images/plot_20.png>
Package pdftex.def Info: ./images/plot_20.png  used on input line 396.
(pdftex.def)             Requested size: 622.72499pt x 604.89842pt.
 <./images/plot_20.png> <a0,fr20>
<./images/plot_21.png, id=174, 622.7265pt x 604.8999pt>
File: ./images/plot_21.png Graphic file (type png)
<use ./images/plot_21.png>
Package pdftex.def Info: ./images/plot_21.png  used on input line 396.
(pdftex.def)             Requested size: 622.72499pt x 604.89842pt.
 <./images/plot_21.png> <a0,fr21>
<./images/plot_22.png, id=178, 622.7265pt x 604.8999pt>
File: ./images/plot_22.png Graphic file (type png)
<use ./images/plot_22.png>
Package pdftex.def Info: ./images/plot_22.png  used on input line 396.
(pdftex.def)             Requested size: 622.72499pt x 604.89842pt.
 <./images/plot_22.png> <a0,fr22>
<./images/plot_23.png, id=182, 622.7265pt x 604.8999pt>
File: ./images/plot_23.png Graphic file (type png)
<use ./images/plot_23.png>
Package pdftex.def Info: ./images/plot_23.png  used on input line 396.
(pdftex.def)             Requested size: 622.72499pt x 604.89842pt.
 <./images/plot_23.png>
<a0,fr23>
<./images/plot_24.png, id=186, 622.7265pt x 604.8999pt>
File: ./images/plot_24.png Graphic file (type png)
<use ./images/plot_24.png>
Package pdftex.def Info: ./images/plot_24.png  used on input line 396.
(pdftex.def)             Requested size: 622.72499pt x 604.89842pt.
 <./images/plot_24.png> <a0,fr24>
<./images/plot_25.png, id=190, 622.7265pt x 604.8999pt>
File: ./images/plot_25.png Graphic file (type png)
<use ./images/plot_25.png>
Package pdftex.def Info: ./images/plot_25.png  used on input line 396.
(pdftex.def)             Requested size: 622.72499pt x 604.89842pt.
 <./images/plot_25.png> <a0,fr25>
<./images/plot_26.png, id=194, 622.7265pt x 604.8999pt>
File: ./images/plot_26.png Graphic file (type png)
<use ./images/plot_26.png>
Package pdftex.def Info: ./images/plot_26.png  used on input line 396.
(pdftex.def)             Requested size: 622.72499pt x 604.89842pt.
 <./images/plot_26.png> <a0,fr26>
<./images/plot_27.png, id=198, 622.7265pt x 604.8999pt>
File: ./images/plot_27.png Graphic file (type png)
<use ./images/plot_27.png>
Package pdftex.def Info: ./images/plot_27.png  used on input line 396.
(pdftex.def)             Requested size: 622.72499pt x 604.89842pt.
 <./images/plot_27.png> <a0,fr27>
<./images/plot_28.png, id=202, 622.7265pt x 604.8999pt>
File: ./images/plot_28.png Graphic file (type png)
<use ./images/plot_28.png>
Package pdftex.def Info: ./images/plot_28.png  used on input line 396.
(pdftex.def)             Requested size: 622.72499pt x 604.89842pt.
 <./images/plot_28.png> <a0,fr28>
<./images/plot_29.png, id=206, 622.7265pt x 604.8999pt>
File: ./images/plot_29.png Graphic file (type png)
<use ./images/plot_29.png>
Package pdftex.def Info: ./images/plot_29.png  used on input line 396.
(pdftex.def)             Requested size: 622.72499pt x 604.89842pt.
 <./images/plot_29.png> <a0,fr29>
<./images/plot_30.png, id=210, 622.7265pt x 604.8999pt>
File: ./images/plot_30.png Graphic file (type png)
<use ./images/plot_30.png>
Package pdftex.def Info: ./images/plot_30.png  used on input line 396.
(pdftex.def)             Requested size: 622.72499pt x 604.89842pt.
 <./images/plot_30.png>
<a0,fr30>
<./images/plot_31.png, id=214, 622.7265pt x 604.8999pt>
File: ./images/plot_31.png Graphic file (type png)
<use ./images/plot_31.png>
Package pdftex.def Info: ./images/plot_31.png  used on input line 396.
(pdftex.def)             Requested size: 622.72499pt x 604.89842pt.
 <./images/plot_31.png> <a0,fr31>
<./images/plot_32.png, id=218, 622.7265pt x 604.8999pt>
File: ./images/plot_32.png Graphic file (type png)
<use ./images/plot_32.png>
Package pdftex.def Info: ./images/plot_32.png  used on input line 396.
(pdftex.def)             Requested size: 622.72499pt x 604.89842pt.
 <./images/plot_32.png> <a0,fr32>
<./images/plot_33.png, id=222, 622.7265pt x 604.8999pt>
File: ./images/plot_33.png Graphic file (type png)
<use ./images/plot_33.png>
Package pdftex.def Info: ./images/plot_33.png  used on input line 396.
(pdftex.def)             Requested size: 622.72499pt x 604.89842pt.
 <./images/plot_33.png> <a0,fr33>
<./images/plot_34.png, id=226, 622.7265pt x 604.8999pt>
File: ./images/plot_34.png Graphic file (type png)
<use ./images/plot_34.png>
Package pdftex.def Info: ./images/plot_34.png  used on input line 396.
(pdftex.def)             Requested size: 622.72499pt x 604.89842pt.
 <./images/plot_34.png> <a0,fr34>
<./images/plot_35.png, id=230, 622.7265pt x 604.8999pt>
File: ./images/plot_35.png Graphic file (type png)
<use ./images/plot_35.png>
Package pdftex.def Info: ./images/plot_35.png  used on input line 396.
(pdftex.def)             Requested size: 622.72499pt x 604.89842pt.
 <./images/plot_35.png> <a0,fr35>
<./images/plot_36.png, id=234, 622.7265pt x 604.8999pt>
File: ./images/plot_36.png Graphic file (type png)
<use ./images/plot_36.png>
Package pdftex.def Info: ./images/plot_36.png  used on input line 396.
(pdftex.def)             Requested size: 622.72499pt x 604.89842pt.
 <./images/plot_36.png> <a0,fr36>
<./images/plot_37.png, id=238, 622.7265pt x 604.8999pt>
File: ./images/plot_37.png Graphic file (type png)
<use ./images/plot_37.png>
Package pdftex.def Info: ./images/plot_37.png  used on input line 396.
(pdftex.def)             Requested size: 622.72499pt x 604.89842pt.
 <./images/plot_37.png>
<a0,fr37>
<./images/plot_38.png, id=242, 622.7265pt x 604.8999pt>
File: ./images/plot_38.png Graphic file (type png)
<use ./images/plot_38.png>
Package pdftex.def Info: ./images/plot_38.png  used on input line 396.
(pdftex.def)             Requested size: 622.72499pt x 604.89842pt.
 <./images/plot_38.png> <a0,fr38>
<./images/plot_39.png, id=246, 622.7265pt x 604.8999pt>
File: ./images/plot_39.png Graphic file (type png)
<use ./images/plot_39.png>
Package pdftex.def Info: ./images/plot_39.png  used on input line 396.
(pdftex.def)             Requested size: 622.72499pt x 604.89842pt.
 <./images/plot_39.png> <a0,fr39>
<./images/plot_40.png, id=250, 622.7265pt x 604.8999pt>
File: ./images/plot_40.png Graphic file (type png)
<use ./images/plot_40.png>
Package pdftex.def Info: ./images/plot_40.png  used on input line 396.
(pdftex.def)             Requested size: 622.72499pt x 604.89842pt.
 <./images/plot_40.png> <a0,fr40>
<./images/plot_41.png, id=254, 622.7265pt x 604.8999pt>
File: ./images/plot_41.png Graphic file (type png)
<use ./images/plot_41.png>
Package pdftex.def Info: ./images/plot_41.png  used on input line 396.
(pdftex.def)             Requested size: 622.72499pt x 604.89842pt.
 <./images/plot_41.png> <a0,fr41>
<./images/plot_42.png, id=258, 622.7265pt x 604.8999pt>
File: ./images/plot_42.png Graphic file (type png)
<use ./images/plot_42.png>
Package pdftex.def Info: ./images/plot_42.png  used on input line 396.
(pdftex.def)             Requested size: 622.72499pt x 604.89842pt.
 <./images/plot_42.png> <a0,fr42>
<./images/plot_43.png, id=262, 622.7265pt x 604.8999pt>
File: ./images/plot_43.png Graphic file (type png)
<use ./images/plot_43.png>
Package pdftex.def Info: ./images/plot_43.png  used on input line 396.
(pdftex.def)             Requested size: 622.72499pt x 604.89842pt.
 <./images/plot_43.png> <a0,fr43>
<./images/plot_44.png, id=266, 622.7265pt x 604.8999pt>
File: ./images/plot_44.png Graphic file (type png)
<use ./images/plot_44.png>
Package pdftex.def Info: ./images/plot_44.png  used on input line 396.
(pdftex.def)             Requested size: 622.72499pt x 604.89842pt.
 <./images/plot_44.png>
<a0,fr44>
<./images/plot_45.png, id=270, 622.7265pt x 604.8999pt>
File: ./images/plot_45.png Graphic file (type png)
<use ./images/plot_45.png>
Package pdftex.def Info: ./images/plot_45.png  used on input line 396.
(pdftex.def)             Requested size: 622.72499pt x 604.89842pt.
 <./images/plot_45.png> <a0,fr45>
<./images/plot_46.png, id=274, 622.7265pt x 604.8999pt>
File: ./images/plot_46.png Graphic file (type png)
<use ./images/plot_46.png>
Package pdftex.def Info: ./images/plot_46.png  used on input line 396.
(pdftex.def)             Requested size: 622.72499pt x 604.89842pt.
 <./images/plot_46.png> <a0,fr46>
<./images/plot_47.png, id=278, 622.7265pt x 604.8999pt>
File: ./images/plot_47.png Graphic file (type png)
<use ./images/plot_47.png>
Package pdftex.def Info: ./images/plot_47.png  used on input line 396.
(pdftex.def)             Requested size: 622.72499pt x 604.89842pt.
 <./images/plot_47.png> <a0,fr47>
<./images/plot_48.png, id=282, 622.7265pt x 604.8999pt>
File: ./images/plot_48.png Graphic file (type png)
<use ./images/plot_48.png>
Package pdftex.def Info: ./images/plot_48.png  used on input line 396.
(pdftex.def)             Requested size: 622.72499pt x 604.89842pt.
 <./images/plot_48.png> <a0,fr48>
<./images/plot_49.png, id=286, 622.7265pt x 604.8999pt>
File: ./images/plot_49.png Graphic file (type png)
<use ./images/plot_49.png>
Package pdftex.def Info: ./images/plot_49.png  used on input line 396.
(pdftex.def)             Requested size: 622.72499pt x 604.89842pt.
 <./images/plot_49.png> <a0,fr49> [4 <./images/2024_10_15_71c3161fc9161f95056eg
-5.jpg>]
<./images/plot_high_res.png, id=355, 622.7265pt x 604.8999pt>
File: ./images/plot_high_res.png Graphic file (type png)
<use ./images/plot_high_res.png>
Package pdftex.def Info: ./images/plot_high_res.png  used on input line 405.
(pdftex.def)             Requested size: 622.72499pt x 604.89842pt.
LaTeX Font Info:    Trying to load font information for T1+cmtt on input line 4
16.

(C:\Users\teodd\AppData\Local\Programs\MiKTeX\tex/latex/base\t1cmtt.fd
File: t1cmtt.fd 2023/04/13 v2.5m Standard LaTeX font definitions
)
[5 <./images/plot_high_res.png>]
LaTeX Font Info:    Trying to load font information for TS1+cmtt on input line 
551.

(C:\Users\teodd\AppData\Local\Programs\MiKTeX\tex/latex/base\ts1cmtt.fd
File: ts1cmtt.fd 2023/04/13 v2.5m Standard LaTeX font definitions
)
[6] (Rozložení elektrického pole.aux)
 ***********
LaTeX2e <2023-11-01> patch level 1
L3 programming layer <2024-02-20>
 ***********
Package rerunfilecheck Info: File `"Rozložení elektrického pole".out' has no
t changed.
(rerunfilecheck)             Checksum: D7AF275AC7265814153F1A40097627BB;418.
 ) 
Here is how much of TeX's memory you used:
 18501 strings out of 474435
 316209 string characters out of 5741933
 1951190 words of memory out of 5000000
 40477 multiletter control sequences out of 15000+600000
 580037 words of font info for 93 fonts, out of 8000000 for 9000
 1141 hyphenation exceptions out of 8191
 83i,11n,131p,1339b,777s stack positions out of 10000i,1000n,20000p,200000b,200000s
 <C:\Users\teodd\AppData\Local\MiKTeX\fonts/pk/ljfour/jknappen/ec/dpi450\tctt
0800.pk> <C:\Users\teodd\AppData\Local\MiKTeX\fonts/pk/ljfour/jknappen/ec/dpi45
0\ectt0800.pk> <C:\Users\teodd\AppData\Local\MiKTeX\fonts/pk/ljfour/jknappen/ec
/dpi600\ecti1095.pk> <C:\Users\teodd\AppData\Local\MiKTeX\fonts/pk/ljfour/jknap
pen/ec/dpi600\ecrm1000.pk> <C:\Users\teodd\AppData\Local\MiKTeX\fonts/pk/ljfour
/jknappen/ec/dpi600\ecrm1095.pk> <C:\Users\teodd\AppData\Local\MiKTeX\fonts/pk/
ljfour/jknappen/ec/dpi600\ecbx1440.pk> <C:\Users\teodd\AppData\Local\MiKTeX\fon
ts/pk/ljfour/jknappen/ec/dpi600\ecsx1440.pk> <C:\Users\teodd\AppData\Local\MiKT
eX\fonts/pk/ljfour/jknappen/ec/dpi600\ecss1200.pk> <C:\Users\teodd\AppData\Loca
l\MiKTeX\fonts/pk/ljfour/jknappen/ec/dpi600\ecsx1200.pk> <C:\Users\teodd\AppDat
a\Local\MiKTeX\fonts/pk/ljfour/jknappen/ec/dpi600\ecsx2074.pk> <C:\Users\teodd\
AppData\Local\MiKTeX\fonts/pk/ljfour/jknappen/ec/dpi600\ecss1440.pk><C:/Users/t
eodd/AppData/Local/Programs/MiKTeX/fonts/type1/public/amsfonts/cm/cmex10.pfb><C
:/Users/teodd/AppData/Local/Programs/MiKTeX/fonts/type1/public/amsfonts/cm/cmmi
10.pfb><C:/Users/teodd/AppData/Local/Programs/MiKTeX/fonts/type1/public/amsfont
s/cm/cmmi12.pfb><C:/Users/teodd/AppData/Local/Programs/MiKTeX/fonts/type1/publi
c/amsfonts/cm/cmmi8.pfb><C:/Users/teodd/AppData/Local/Programs/MiKTeX/fonts/typ
e1/public/amsfonts/cm/cmmib10.pfb><C:/Users/teodd/AppData/Local/Programs/MiKTeX
/fonts/type1/public/amsfonts/cm/cmr10.pfb><C:/Users/teodd/AppData/Local/Program
s/MiKTeX/fonts/type1/public/amsfonts/cm/cmr12.pfb><C:/Users/teodd/AppData/Local
/Programs/MiKTeX/fonts/type1/public/amsfonts/cm/cmr7.pfb><C:/Users/teodd/AppDat
a/Local/Programs/MiKTeX/fonts/type1/public/amsfonts/cm/cmr8.pfb><C:/Users/teodd
/AppData/Local/Programs/MiKTeX/fonts/type1/public/amsfonts/cm/cmsy10.pfb><C:/Us
ers/teodd/AppData/Local/Programs/MiKTeX/fonts/type1/public/amsfonts/cm/cmsy8.pf
b>
Output written on "Rozložení elektrického pole.pdf" (6 pages, 5523880 bytes)
.
PDF statistics:
 799 PDF objects out of 1000 (max. 8388607)
 42 named destinations out of 1000 (max. 500000)
 635 words of extra memory for PDF output out of 10000 (max. 10000000)

