This is pdfTeX, Version 3.141592653-2.6-1.40.25 (MiKTeX 24.1) (preloaded format=pdflatex 2024.3.10)  6 JAN 2025 18:47
entering extended mode
 restricted \write18 enabled.
 %&-line parsing enabled.
**./RLC.tex
(RLC.tex
LaTeX2e <2023-11-01> patch level 1
L3 programming layer <2024-02-20>
(C:\Users\teodd\AppData\Local\Programs\MiKTeX\tex/latex/base\article.cls
Document Class: article 2023/05/17 v1.4n Standard LaTeX document class
(C:\Users\teodd\AppData\Local\Programs\MiKTeX\tex/latex/base\size11.clo
File: size11.clo 2023/05/17 v1.4n Standard LaTeX file (size option)
)
\c@part=\count188
\c@section=\count189
\c@subsection=\count190
\c@subsubsection=\count191
\c@paragraph=\count192
\c@subparagraph=\count193
\c@figure=\count194
\c@table=\count195
\abovecaptionskip=\skip48
\belowcaptionskip=\skip49
\bibindent=\dimen140
)
(C:\Users\teodd\AppData\Local\Programs\MiKTeX\tex/latex/base\fontenc.sty
Package: fontenc 2021/04/29 v2.0v Standard LaTeX package
)
(C:\Users\teodd\AppData\Local\Programs\MiKTeX\tex/latex/graphics\graphicx.sty
Package: graphicx 2021/09/16 v1.2d Enhanced LaTeX Graphics (DPC,SPQR)

(C:\Users\teodd\AppData\Local\Programs\MiKTeX\tex/latex/graphics\keyval.sty
Package: keyval 2022/05/29 v1.15 key=value parser (DPC)
\KV@toks@=\toks17
)
(C:\Users\teodd\AppData\Local\Programs\MiKTeX\tex/latex/graphics\graphics.sty
Package: graphics 2022/03/10 v1.4e Standard LaTeX Graphics (DPC,SPQR)

(C:\Users\teodd\AppData\Local\Programs\MiKTeX\tex/latex/graphics\trig.sty
Package: trig 2021/08/11 v1.11 sin cos tan (DPC)
)
(C:\Users\teodd\AppData\Local\Programs\MiKTeX\tex/latex/graphics-cfg\graphics.c
fg
File: graphics.cfg 2016/06/04 v1.11 sample graphics configuration
)
Package graphics Info: Driver file: pdftex.def on input line 107.

(C:\Users\teodd\AppData\Local\Programs\MiKTeX\tex/latex/graphics-def\pdftex.def
File: pdftex.def 2022/09/22 v1.2b Graphics/color driver for pdftex
))
\Gin@req@height=\dimen141
\Gin@req@width=\dimen142
) (C:\Users\teodd\AppData\Local\Programs\MiKTeX\tex/latex/animate\animate.sty
Package: animate 2024/10/14 PDF & SVG animations from files and inline graphics

(C:\Users\teodd\AppData\Local\Programs\MiKTeX\tex/latex/base\ifthen.sty
Package: ifthen 2022/04/13 v1.1d Standard LaTeX ifthen package (DPC)
)
(C:\Users\teodd\AppData\Local\Programs\MiKTeX\tex/generic/iftex\iftex.sty
Package: iftex 2022/02/03 v1.0f TeX engine tests
)
(C:\Users\teodd\AppData\Local\Programs\MiKTeX\tex/latex/oberdiek\ifdraft.sty
Package: ifdraft 2016/05/16 v1.4 Detect class options draft and final (HO)
)
(C:\Users\teodd\AppData\Local\Programs\MiKTeX\tex/latex/tools\calc.sty
Package: calc 2023/07/08 v4.3 Infix arithmetic (KKT,FJ)
\calc@Acount=\count196
\calc@Bcount=\count197
\calc@Adimen=\dimen143
\calc@Bdimen=\dimen144
\calc@Askip=\skip50
\calc@Bskip=\skip51
LaTeX Info: Redefining \setlength on input line 80.
LaTeX Info: Redefining \addtolength on input line 81.
\calc@Ccount=\count198
\calc@Cskip=\skip52
)
(C:\Users\teodd\AppData\Local\Programs\MiKTeX\tex/latex/media9\pdfbase.sty
Package: pdfbase 2024/09/16 v0.59 driver independent access to low-level PDF fe
atures

(C:\Users\teodd\AppData\Local\Programs\MiKTeX\tex/latex/l3backend\l3backend-pdf
tex.def
File: l3backend-pdftex.def 2024-02-20 L3 backend support: PDF output (pdfTeX)
\l__color_backend_stack_int=\count199
\l__pdf_internal_box=\box51
)
\g_pbs_page_int=\count266
\g_pbs_oc_int=\count267
)
(C:\Users\teodd\AppData\Local\Programs\MiKTeX\tex/latex/zref\zref-abspage.sty
Package: zref-abspage 2023-09-14 v2.35 Module abspage for zref (HO)

(C:\Users\teodd\AppData\Local\Programs\MiKTeX\tex/latex/zref\zref-base.sty
Package: zref-base 2023-09-14 v2.35 Module base for zref (HO)

(C:\Users\teodd\AppData\Local\Programs\MiKTeX\tex/generic/ltxcmds\ltxcmds.sty
Package: ltxcmds 2023-12-04 v1.26 LaTeX kernel commands for general use (HO)
)
(C:\Users\teodd\AppData\Local\Programs\MiKTeX\tex/generic/infwarerr\infwarerr.s
ty
Package: infwarerr 2019/12/03 v1.5 Providing info/warning/error messages (HO)
)
(C:\Users\teodd\AppData\Local\Programs\MiKTeX\tex/latex/kvsetkeys\kvsetkeys.sty
Package: kvsetkeys 2022-10-05 v1.19 Key value parser (HO)
)
(C:\Users\teodd\AppData\Local\Programs\MiKTeX\tex/generic/kvdefinekeys\kvdefine
keys.sty
Package: kvdefinekeys 2019-12-19 v1.6 Define keys (HO)
)
(C:\Users\teodd\AppData\Local\Programs\MiKTeX\tex/generic/pdftexcmds\pdftexcmds
.sty
Package: pdftexcmds 2020-06-27 v0.33 Utility functions of pdfTeX for LuaTeX (HO
)
Package pdftexcmds Info: \pdf@primitive is available.
Package pdftexcmds Info: \pdf@ifprimitive is available.
Package pdftexcmds Info: \pdfdraftmode found.
)
(C:\Users\teodd\AppData\Local\Programs\MiKTeX\tex/generic/etexcmds\etexcmds.sty
Package: etexcmds 2019/12/15 v1.7 Avoid name clashes with e-TeX commands (HO)
) (C:\Users\teodd\AppData\Local\Programs\MiKTeX\tex/latex/auxhook\auxhook.sty
Package: auxhook 2019-12-17 v1.6 Hooks for auxiliary files (HO)
)
Package zref Info: New property list: main on input line 767.
Package zref Info: New property: default on input line 768.
Package zref Info: New property: page on input line 769.
)
\c@abspage=\count268
Package zref Info: New property: abspage on input line 67.
) (C:\Users\teodd\AppData\Local\Programs\MiKTeX\tex/latex/ocgx2\ocgbase.sty
Package: ocgbase 2024/09/15 v0.24 support package for ocgx2.sty
)
\@anim@box=\box52
\@anim@measbox=\box53
\@anim@tmpdima=\dimen145
\@anim@tmpdimb=\dimen146
\@anim@num=\count269
\@anim@curframe=\count270
\@anim@curframe@zb=\count271
\@anim@resizeflags=\count272
\@anim@skipfram=\count273
\@anim@mulframecnt=\count274
\@anim@@tmlnfile=\read2
\@anim@tmpcnt=\count275
\c@@anim@ltxcnt=\count276
\@anim@curlayer=\count277
\@anim@lineno=\count278
\@anim@curfield=\count279
\@anim@@resizeflags=\count280
)
(C:\Users\teodd\AppData\Local\Programs\MiKTeX\tex/latex/mathtools\mathtools.sty
Package: mathtools 2022/06/29 v1.29 mathematical typesetting tools
(C:\Users\teodd\AppData\Local\Programs\MiKTeX\tex/latex/mathtools\mhsetup.sty
Package: mhsetup 2021/03/18 v1.4 programming setup (MH)
)
(C:\Users\teodd\AppData\Local\Programs\MiKTeX\tex/latex/amsmath\amsmath.sty
Package: amsmath 2023/05/13 v2.17o AMS math features
\@mathmargin=\skip53

For additional information on amsmath, use the `?' option.
(C:\Users\teodd\AppData\Local\Programs\MiKTeX\tex/latex/amsmath\amstext.sty
Package: amstext 2021/08/26 v2.01 AMS text

(C:\Users\teodd\AppData\Local\Programs\MiKTeX\tex/latex/amsmath\amsgen.sty
File: amsgen.sty 1999/11/30 v2.0 generic functions
\@emptytoks=\toks18
\ex@=\dimen147
))
(C:\Users\teodd\AppData\Local\Programs\MiKTeX\tex/latex/amsmath\amsbsy.sty
Package: amsbsy 1999/11/29 v1.2d Bold Symbols
\pmbraise@=\dimen148
)
(C:\Users\teodd\AppData\Local\Programs\MiKTeX\tex/latex/amsmath\amsopn.sty
Package: amsopn 2022/04/08 v2.04 operator names
)
\inf@bad=\count281
LaTeX Info: Redefining \frac on input line 234.
\uproot@=\count282
\leftroot@=\count283
LaTeX Info: Redefining \overline on input line 399.
LaTeX Info: Redefining \colon on input line 410.
\classnum@=\count284
\DOTSCASE@=\count285
LaTeX Info: Redefining \ldots on input line 496.
LaTeX Info: Redefining \dots on input line 499.
LaTeX Info: Redefining \cdots on input line 620.
\Mathstrutbox@=\box54
\strutbox@=\box55
LaTeX Info: Redefining \big on input line 722.
LaTeX Info: Redefining \Big on input line 723.
LaTeX Info: Redefining \bigg on input line 724.
LaTeX Info: Redefining \Bigg on input line 725.
\big@size=\dimen149
LaTeX Font Info:    Redeclaring font encoding OML on input line 743.
LaTeX Font Info:    Redeclaring font encoding OMS on input line 744.
\macc@depth=\count286
LaTeX Info: Redefining \bmod on input line 905.
LaTeX Info: Redefining \pmod on input line 910.
LaTeX Info: Redefining \smash on input line 940.
LaTeX Info: Redefining \relbar on input line 970.
LaTeX Info: Redefining \Relbar on input line 971.
\c@MaxMatrixCols=\count287
\dotsspace@=\muskip16
\c@parentequation=\count288
\dspbrk@lvl=\count289
\tag@help=\toks19
\row@=\count290
\column@=\count291
\maxfields@=\count292
\andhelp@=\toks20
\eqnshift@=\dimen150
\alignsep@=\dimen151
\tagshift@=\dimen152
\tagwidth@=\dimen153
\totwidth@=\dimen154
\lineht@=\dimen155
\@envbody=\toks21
\multlinegap=\skip54
\multlinetaggap=\skip55
\mathdisplay@stack=\toks22
LaTeX Info: Redefining \[ on input line 2953.
LaTeX Info: Redefining \] on input line 2954.
)
\g_MT_multlinerow_int=\count293
\l_MT_multwidth_dim=\dimen156
\origjot=\skip56
\l_MT_shortvdotswithinadjustabove_dim=\dimen157
\l_MT_shortvdotswithinadjustbelow_dim=\dimen158
\l_MT_above_intertext_sep=\dimen159
\l_MT_below_intertext_sep=\dimen160
\l_MT_above_shortintertext_sep=\dimen161
\l_MT_below_shortintertext_sep=\dimen162
\xmathstrut@box=\box56
\xmathstrut@dim=\dimen163
)
(C:\Users\teodd\AppData\Local\Programs\MiKTeX\tex/latex/amsfonts\amssymb.sty
Package: amssymb 2013/01/14 v3.01 AMS font symbols

(C:\Users\teodd\AppData\Local\Programs\MiKTeX\tex/latex/amsfonts\amsfonts.sty
Package: amsfonts 2013/01/14 v3.01 Basic AMSFonts support
\symAMSa=\mathgroup4
\symAMSb=\mathgroup5
LaTeX Font Info:    Redeclaring math symbol \hbar on input line 98.
LaTeX Font Info:    Overwriting math alphabet `\mathfrak' in version `bold'
(Font)                  U/euf/m/n --> U/euf/b/n on input line 106.
)) (C:\Users\teodd\AppData\Local\Programs\MiKTeX\tex/latex/amscls\amsthm.sty
Package: amsthm 2020/05/29 v2.20.6
\thm@style=\toks23
\thm@bodyfont=\toks24
\thm@headfont=\toks25
\thm@notefont=\toks26
\thm@headpunct=\toks27
\thm@preskip=\skip57
\thm@postskip=\skip58
\thm@headsep=\skip59
\dth@everypar=\toks28
)
(C:\Users\teodd\AppData\Local\Programs\MiKTeX\tex/latex/thmtools\thmtools.sty
Package: thmtools 2023/05/04 v0.76
\thmt@toks=\toks29
\c@thmt@dummyctr=\count294

(C:\Users\teodd\AppData\Local\Programs\MiKTeX\tex/latex/thmtools\thm-patch.sty
Package: thm-patch 2023/05/04 v0.76

(C:\Users\teodd\AppData\Local\Programs\MiKTeX\tex/latex/thmtools\parseargs.sty
Package: parseargs 2023/05/04 v0.76
\@parsespec=\toks30
)) (C:\Users\teodd\AppData\Local\Programs\MiKTeX\tex/latex/thmtools\thm-kv.sty
Package: thm-kv 2023/05/04 v0.76
Package thm-kv Info: Theorem names will be uppercased on input line 42.
Package thm-kv Info: kvsetkeys patch (v1.16 or later) on input line 158.
)
(C:\Users\teodd\AppData\Local\Programs\MiKTeX\tex/latex/thmtools\thm-autoref.st
y
Package: thm-autoref 2023/05/04 v0.76
 (C:\Users\teodd\AppData\Local\Programs\MiKTeX\tex/latex/thmtools\aliasctr.sty
Package: aliasctr 2023/05/04 v0.76
))
(C:\Users\teodd\AppData\Local\Programs\MiKTeX\tex/latex/thmtools\thm-listof.sty
Package: thm-listof 2023/05/04 v0.76
)
(C:\Users\teodd\AppData\Local\Programs\MiKTeX\tex/latex/thmtools\thm-restate.st
y
Package: thm-restate 2023/05/04 v0.76
)
(C:\Users\teodd\AppData\Local\Programs\MiKTeX\tex/latex/thmtools\thm-amsthm.sty
Package: thm-amsthm 2023/05/04 v0.76
\thmt@style@headstyle=\toks31
)) (C:\Users\teodd\AppData\Local\Programs\MiKTeX\tex/latex/xcolor\xcolor.sty
Package: xcolor 2023/11/15 v3.01 LaTeX color extensions (UK)

(C:\Users\teodd\AppData\Local\Programs\MiKTeX\tex/latex/graphics-cfg\color.cfg
File: color.cfg 2016/01/02 v1.6 sample color configuration
)
Package xcolor Info: Driver file: pdftex.def on input line 274.
(C:\Users\teodd\AppData\Local\Programs\MiKTeX\tex/latex/graphics\mathcolor.ltx)
Package xcolor Info: Model `cmy' substituted by `cmy0' on input line 1350.
Package xcolor Info: Model `hsb' substituted by `rgb' on input line 1354.
Package xcolor Info: Model `RGB' extended on input line 1366.
Package xcolor Info: Model `HTML' substituted by `rgb' on input line 1368.
Package xcolor Info: Model `Hsb' substituted by `hsb' on input line 1369.
Package xcolor Info: Model `tHsb' substituted by `hsb' on input line 1370.
Package xcolor Info: Model `HSB' substituted by `hsb' on input line 1371.
Package xcolor Info: Model `Gray' substituted by `gray' on input line 1372.
Package xcolor Info: Model `wave' substituted by `hsb' on input line 1373.
) (C:\Users\teodd\AppData\Local\Programs\MiKTeX\tex/latex/hyperref\nameref.sty
Package: nameref 2023-11-26 v2.56 Cross-referencing by name of section

(C:\Users\teodd\AppData\Local\Programs\MiKTeX\tex/latex/refcount\refcount.sty
Package: refcount 2019/12/15 v3.6 Data extraction from label references (HO)
)
(C:\Users\teodd\AppData\Local\Programs\MiKTeX\tex/generic/gettitlestring\gettit
lestring.sty
Package: gettitlestring 2019/12/15 v1.6 Cleanup title references (HO)

(C:\Users\teodd\AppData\Local\Programs\MiKTeX\tex/latex/kvoptions\kvoptions.sty
Package: kvoptions 2022-06-15 v3.15 Key value format for package options (HO)
))
\c@section@level=\count295
) (C:\Users\teodd\AppData\Local\Programs\MiKTeX\tex/generic/babel\babel.sty
Package: babel 2024/02/07 v24.2 The Babel package
\babel@savecnt=\count296
\U@D=\dimen164
\l@unhyphenated=\language79

(C:\Users\teodd\AppData\Local\Programs\MiKTeX\tex/generic/babel\txtbabel.def)
\bbl@readstream=\read3
\bbl@dirlevel=\count297

*************************************
* Local config file bblopts.cfg used
*
(C:\Users\teodd\AppData\Local\Programs\MiKTeX\tex/latex/arabi\bblopts.cfg
File: bblopts.cfg 2005/09/08 v0.1 add Arabic and Farsi to "declared" options of
 babel
)
(C:\Users\teodd\AppData\Local\Programs\MiKTeX\tex/latex/babel-czech\czech.ldf
Language: czech 2008/07/06 v3.1a Czech support from the babel system
Package babel Info: Making " an active character on input line 172.
\cs@wordlen=\count298
Package babel Info: Making - an active character on input line 226.
))
(C:\Users\teodd\AppData\Local\Programs\MiKTeX\tex/generic/babel/locale/cs\babel
-czech.tex
Package babel Info: Importing font and identification data for czech
(babel)             from babel-cs.ini. Reported on input line 11.
)
(C:\Users\teodd\AppData\Local\Programs\MiKTeX\tex/latex/hyperref\hyperref.sty
Package: hyperref 2024-01-20 v7.01h Hypertext links for LaTeX

(C:\Users\teodd\AppData\Local\Programs\MiKTeX\tex/generic/pdfescape\pdfescape.s
ty
Package: pdfescape 2019/12/09 v1.15 Implements pdfTeX's escape features (HO)
) (C:\Users\teodd\AppData\Local\Programs\MiKTeX\tex/latex/hycolor\hycolor.sty
Package: hycolor 2020-01-27 v1.10 Color options for hyperref/bookmark (HO)
) (C:\Users\teodd\AppData\Local\Programs\MiKTeX\tex/latex/etoolbox\etoolbox.sty
Package: etoolbox 2020/10/05 v2.5k e-TeX tools for LaTeX (JAW)
\etb@tempcnta=\count299
)
\@linkdim=\dimen165
\Hy@linkcounter=\count300
\Hy@pagecounter=\count301
 (C:\Users\teodd\AppData\Local\Programs\MiKTeX\tex/latex/hyperref\pd1enc.def
File: pd1enc.def 2024-01-20 v7.01h Hyperref: PDFDocEncoding definition (HO)
Now handling font encoding PD1 ...
... no UTF-8 mapping file for font encoding PD1
)
(C:\Users\teodd\AppData\Local\Programs\MiKTeX\tex/generic/intcalc\intcalc.sty
Package: intcalc 2019/12/15 v1.3 Expandable calculations with integers (HO)
)
\Hy@SavedSpaceFactor=\count302

(C:\Users\teodd\AppData\Local\Programs\MiKTeX\tex/latex/hyperref\puenc.def
File: puenc.def 2024-01-20 v7.01h Hyperref: PDF Unicode definition (HO)
Now handling font encoding PU ...
... no UTF-8 mapping file for font encoding PU
)
Package hyperref Info: Hyper figures OFF on input line 4179.
Package hyperref Info: Link nesting OFF on input line 4184.
Package hyperref Info: Hyper index ON on input line 4187.
Package hyperref Info: Plain pages OFF on input line 4194.
Package hyperref Info: Backreferencing OFF on input line 4199.
Package hyperref Info: Implicit mode ON; LaTeX internals redefined.
Package hyperref Info: Bookmarks ON on input line 4446.
\c@Hy@tempcnt=\count303

(C:\Users\teodd\AppData\Local\Programs\MiKTeX\tex/latex/url\url.sty
\Urlmuskip=\muskip17
Package: url 2013/09/16  ver 3.4  Verb mode for urls, etc.
)
LaTeX Info: Redefining \url on input line 4784.
\XeTeXLinkMargin=\dimen166

(C:\Users\teodd\AppData\Local\Programs\MiKTeX\tex/generic/bitset\bitset.sty
Package: bitset 2019/12/09 v1.3 Handle bit-vector datatype (HO)

(C:\Users\teodd\AppData\Local\Programs\MiKTeX\tex/generic/bigintcalc\bigintcalc
.sty
Package: bigintcalc 2019/12/15 v1.5 Expandable calculations on big integers (HO
)
))
\Fld@menulength=\count304
\Field@Width=\dimen167
\Fld@charsize=\dimen168
Package hyperref Info: Hyper figures OFF on input line 6063.
Package hyperref Info: Link nesting OFF on input line 6068.
Package hyperref Info: Hyper index ON on input line 6071.
Package hyperref Info: backreferencing OFF on input line 6078.
Package hyperref Info: Link coloring OFF on input line 6083.
Package hyperref Info: Link coloring with OCG OFF on input line 6088.
Package hyperref Info: PDF/A mode OFF on input line 6093.

(C:\Users\teodd\AppData\Local\Programs\MiKTeX\tex/latex/base\atbegshi-ltx.sty
Package: atbegshi-ltx 2021/01/10 v1.0c Emulation of the original atbegshi
package with kernel methods
)
\Hy@abspage=\count305
\c@Item=\count306
\c@Hfootnote=\count307
)
Package hyperref Info: Driver (autodetected): hpdftex.
(C:\Users\teodd\AppData\Local\Programs\MiKTeX\tex/latex/hyperref\hpdftex.def
File: hpdftex.def 2024-01-20 v7.01h Hyperref driver for pdfTeX

(C:\Users\teodd\AppData\Local\Programs\MiKTeX\tex/latex/base\atveryend-ltx.sty
Package: atveryend-ltx 2020/08/19 v1.0a Emulation of the original atveryend pac
kage
with kernel methods
)
\HyAnn@Count=\count308
\Fld@listcount=\count309
\c@bookmark@seq@number=\count310

(C:\Users\teodd\AppData\Local\Programs\MiKTeX\tex/latex/rerunfilecheck\rerunfil
echeck.sty
Package: rerunfilecheck 2022-07-10 v1.10 Rerun checks for auxiliary files (HO)

(C:\Users\teodd\AppData\Local\Programs\MiKTeX\tex/generic/uniquecounter\uniquec
ounter.sty
Package: uniquecounter 2019/12/15 v1.4 Provide unlimited unique counter (HO)
)
Package uniquecounter Info: New unique counter `rerunfilecheck' on input line 2
85.
)
\Hy@SectionHShift=\skip60
)
(C:\Users\teodd\AppData\Local\Programs\MiKTeX\tex/latex/tools\multicol.sty
Package: multicol 2023/03/30 v1.9f multicolumn formatting (FMi)
\c@tracingmulticols=\count311
\mult@box=\box57
\multicol@leftmargin=\dimen169
\c@unbalance=\count312
\c@collectmore=\count313
\doublecol@number=\count314
\multicoltolerance=\count315
\multicolpretolerance=\count316
\full@width=\dimen170
\page@free=\dimen171
\premulticols=\dimen172
\postmulticols=\dimen173
\multicolsep=\skip61
\multicolbaselineskip=\skip62
\partial@page=\box58
\last@line=\box59
\mc@boxedresult=\box60
\maxbalancingoverflow=\dimen174
\mult@rightbox=\box61
\mult@grightbox=\box62
\mult@firstbox=\box63
\mult@gfirstbox=\box64
\@tempa=\box65
\@tempa=\box66
\@tempa=\box67
\@tempa=\box68
\@tempa=\box69
\@tempa=\box70
\@tempa=\box71
\@tempa=\box72
\@tempa=\box73
\@tempa=\box74
\@tempa=\box75
\@tempa=\box76
\@tempa=\box77
\@tempa=\box78
\@tempa=\box79
\@tempa=\box80
\@tempa=\box81
\@tempa=\box82
\@tempa=\box83
\@tempa=\box84
\@tempa=\box85
\@tempa=\box86
\@tempa=\box87
\@tempa=\box88
\@tempa=\box89
\@tempa=\box90
\@tempa=\box91
\@tempa=\box92
\@tempa=\box93
\@tempa=\box94
\@tempa=\box95
\@tempa=\box96
\@tempa=\box97
\@tempa=\box98
\@tempa=\box99
\@tempa=\box100
\c@minrows=\count317
\c@columnbadness=\count318
\c@finalcolumnbadness=\count319
\last@try=\dimen175
\multicolovershoot=\dimen176
\multicolundershoot=\dimen177
\mult@nat@firstbox=\box101
\colbreak@box=\box102
\mc@col@check@num=\count320
)
(C:\Users\teodd\AppData\Local\Programs\MiKTeX\tex/latex/adjustbox\adjustbox.sty
Package: adjustbox 2022/10/17 v1.3a Adjusting TeX boxes (trim, clip, ...)
(C:\Users\teodd\AppData\Local\Programs\MiKTeX\tex/latex/xkeyval\xkeyval.sty
Package: xkeyval 2022/06/16 v2.9 package option processing (HA)

(C:\Users\teodd\AppData\Local\Programs\MiKTeX\tex/generic/xkeyval\xkeyval.tex
(C:\Users\teodd\AppData\Local\Programs\MiKTeX\tex/generic/xkeyval\xkvutils.tex
\XKV@toks=\toks32
\XKV@tempa@toks=\toks33
)
\XKV@depth=\count321
File: xkeyval.tex 2014/12/03 v2.7a key=value parser (HA)
))
(C:\Users\teodd\AppData\Local\Programs\MiKTeX\tex/latex/adjustbox\adjcalc.sty
Package: adjcalc 2012/05/16 v1.1 Provides advanced setlength with multiple back
-ends (calc, etex, pgfmath)
)
(C:\Users\teodd\AppData\Local\Programs\MiKTeX\tex/latex/adjustbox\trimclip.sty
Package: trimclip 2020/08/19 v1.2 Trim and clip general TeX material

(C:\Users\teodd\AppData\Local\Programs\MiKTeX\tex/latex/collectbox\collectbox.s
ty
Package: collectbox 2022/10/17 v0.4c Collect macro arguments as boxes
\collectedbox=\box103
)
\tc@llx=\dimen178
\tc@lly=\dimen179
\tc@urx=\dimen180
\tc@ury=\dimen181
Package trimclip Info: Using driver 'tc-pdftex.def'.

(C:\Users\teodd\AppData\Local\Programs\MiKTeX\tex/latex/adjustbox\tc-pdftex.def
File: tc-pdftex.def 2019/01/04 v2.2 Clipping driver for pdftex
))
\adjbox@Width=\dimen182
\adjbox@Height=\dimen183
\adjbox@Depth=\dimen184
\adjbox@Totalheight=\dimen185
\adjbox@pwidth=\dimen186
\adjbox@pheight=\dimen187
\adjbox@pdepth=\dimen188
\adjbox@ptotalheight=\dimen189

(C:\Users\teodd\AppData\Local\Programs\MiKTeX\tex/latex/ifoddpage\ifoddpage.sty
Package: ifoddpage 2022/10/18 v1.2 Conditionals for odd/even page detection
\c@checkoddpage=\count322
) (C:\Users\teodd\AppData\Local\Programs\MiKTeX\tex/latex/varwidth\varwidth.sty
Package: varwidth 2009/03/30 ver 0.92;  Variable-width minipages
\@vwid@box=\box104
\sift@deathcycles=\count323
\@vwid@loff=\dimen190
\@vwid@roff=\dimen191
))
(C:\Users\teodd\AppData\Local\Programs\MiKTeX\tex/latex/caption\subcaption.sty
Package: subcaption 2023/07/28 v1.6b Sub-captions (AR)

(C:\Users\teodd\AppData\Local\Programs\MiKTeX\tex/latex/caption\caption.sty
Package: caption 2023/08/05 v3.6o Customizing captions (AR)

(C:\Users\teodd\AppData\Local\Programs\MiKTeX\tex/latex/caption\caption3.sty
Package: caption3 2023/07/31 v2.4d caption3 kernel (AR)
\caption@tempdima=\dimen192
\captionmargin=\dimen193
\caption@leftmargin=\dimen194
\caption@rightmargin=\dimen195
\caption@width=\dimen196
\caption@indent=\dimen197
\caption@parindent=\dimen198
\caption@hangindent=\dimen199
Package caption Info: Standard document class detected.
)
\c@caption@flags=\count324
\c@continuedfloat=\count325
Package caption Info: hyperref package is loaded.
)
Package caption Info: New subtype `subfigure' on input line 238.
\c@subfigure=\count326
Package caption Info: New subtype `subtable' on input line 238.
\c@subtable=\count327
) (C:\Users\teodd\AppData\Local\Programs\MiKTeX\tex/latex/multirow\multirow.sty
Package: multirow 2021/03/15 v2.8 Span multiple rows of a table
\multirow@colwidth=\skip63
\multirow@cntb=\count328
\multirow@dima=\skip64
\bigstrutjot=\dimen256
) (C:\Users\teodd\AppData\Local\Programs\MiKTeX\tex/latex/float\float.sty
Package: float 2001/11/08 v1.3d Float enhancements (AL)
\c@float@type=\count329
\float@exts=\toks34
\float@box=\box105
\@float@everytoks=\toks35
\@floatcapt=\box106
)
(C:\Users\teodd\AppData\Local\Programs\MiKTeX\tex/latex/placeins\placeins.sty
Package: placeins 2005/04/18  v 2.2
)
(C:\Users\teodd\AppData\Local\Programs\MiKTeX\tex/latex/biblatex\biblatex.sty
Package: biblatex 2023/03/05 v3.19 programmable bibliographies (PK/MW)

(C:\Users\teodd\AppData\Local\Programs\MiKTeX\tex/latex/logreq\logreq.sty
Package: logreq 2010/08/04 v1.0 xml request logger
\lrq@indent=\count330

(C:\Users\teodd\AppData\Local\Programs\MiKTeX\tex/latex/logreq\logreq.def
File: logreq.def 2010/08/04 v1.0 logreq spec v1.0
))
\c@tabx@nest=\count331
\c@listtotal=\count332
\c@listcount=\count333
\c@liststart=\count334
\c@liststop=\count335
\c@citecount=\count336
\c@citetotal=\count337
\c@multicitecount=\count338
\c@multicitetotal=\count339
\c@instcount=\count340
\c@maxnames=\count341
\c@minnames=\count342
\c@maxitems=\count343
\c@minitems=\count344
\c@citecounter=\count345
\c@maxcitecounter=\count346
\c@savedcitecounter=\count347
\c@uniquelist=\count348
\c@uniquename=\count349
\c@refsection=\count350
\c@refsegment=\count351
\c@maxextratitle=\count352
\c@maxextratitleyear=\count353
\c@maxextraname=\count354
\c@maxextradate=\count355
\c@maxextraalpha=\count356
\c@abbrvpenalty=\count357
\c@highnamepenalty=\count358
\c@lownamepenalty=\count359
\c@maxparens=\count360
\c@parenlevel=\count361
\blx@tempcnta=\count362
\blx@tempcntb=\count363
\blx@tempcntc=\count364
\c@blx@maxsection=\count365
\blx@maxsegment@0=\count366
\blx@notetype=\count367
\blx@parenlevel@text=\count368
\blx@parenlevel@foot=\count369
\blx@sectionciteorder@0=\count370
\blx@sectionciteorderinternal@0=\count371
\blx@entrysetcounter=\count372
\blx@biblioinstance=\count373
\labelnumberwidth=\skip65
\labelalphawidth=\skip66
\biblabelsep=\skip67
\bibitemsep=\skip68
\bibnamesep=\skip69
\bibinitsep=\skip70
\bibparsep=\skip71
\bibhang=\skip72
\blx@bcfin=\read4
\blx@bcfout=\write3
\blx@langwohyphens=\language80
\c@mincomprange=\count374
\c@maxcomprange=\count375
\c@mincompwidth=\count376
Package biblatex Info: Trying to load biblatex default data model...
Package biblatex Info: ... file 'blx-dm.def' found.

(C:\Users\teodd\AppData\Local\Programs\MiKTeX\tex/latex/biblatex\blx-dm.def
File: blx-dm.def 2023/03/05 v3.19 biblatex localization (PK/MW)
)
Package biblatex Info: Trying to load biblatex custom data model...
Package biblatex Info: ... file 'biblatex-dm.cfg' not found.
\c@afterword=\count377
\c@savedafterword=\count378
\c@annotator=\count379
\c@savedannotator=\count380
\c@author=\count381
\c@savedauthor=\count382
\c@bookauthor=\count383
\c@savedbookauthor=\count384
\c@commentator=\count385
\c@savedcommentator=\count386
\c@editor=\count387
\c@savededitor=\count388
\c@editora=\count389
\c@savededitora=\count390
\c@editorb=\count391
\c@savededitorb=\count392
\c@editorc=\count393
\c@savededitorc=\count394
\c@foreword=\count395
\c@savedforeword=\count396
\c@holder=\count397
\c@savedholder=\count398
\c@introduction=\count399
\c@savedintroduction=\count400
\c@namea=\count401
\c@savednamea=\count402
\c@nameb=\count403
\c@savednameb=\count404
\c@namec=\count405
\c@savednamec=\count406
\c@translator=\count407
\c@savedtranslator=\count408
\c@shortauthor=\count409
\c@savedshortauthor=\count410
\c@shorteditor=\count411
\c@savedshorteditor=\count412
\c@labelname=\count413
\c@savedlabelname=\count414
\c@institution=\count415
\c@savedinstitution=\count416
\c@lista=\count417
\c@savedlista=\count418
\c@listb=\count419
\c@savedlistb=\count420
\c@listc=\count421
\c@savedlistc=\count422
\c@listd=\count423
\c@savedlistd=\count424
\c@liste=\count425
\c@savedliste=\count426
\c@listf=\count427
\c@savedlistf=\count428
\c@location=\count429
\c@savedlocation=\count430
\c@organization=\count431
\c@savedorganization=\count432
\c@origlocation=\count433
\c@savedoriglocation=\count434
\c@origpublisher=\count435
\c@savedorigpublisher=\count436
\c@publisher=\count437
\c@savedpublisher=\count438
\c@language=\count439
\c@savedlanguage=\count440
\c@origlanguage=\count441
\c@savedoriglanguage=\count442
\c@pageref=\count443
\c@savedpageref=\count444
\shorthandwidth=\skip73
\shortjournalwidth=\skip74
\shortserieswidth=\skip75
\shorttitlewidth=\skip76
\shortauthorwidth=\skip77
\shorteditorwidth=\skip78
\locallabelnumberwidth=\skip79
\locallabelalphawidth=\skip80
\localshorthandwidth=\skip81
\localshortjournalwidth=\skip82
\localshortserieswidth=\skip83
\localshorttitlewidth=\skip84
\localshortauthorwidth=\skip85
\localshorteditorwidth=\skip86
Package biblatex Info: Trying to load compatibility code...
Package biblatex Info: ... file 'blx-compat.def' found.

(C:\Users\teodd\AppData\Local\Programs\MiKTeX\tex/latex/biblatex\blx-compat.def
File: blx-compat.def 2023/03/05 v3.19 biblatex compatibility (PK/MW)
)
Package biblatex Info: Trying to load generic definitions...
Package biblatex Info: ... file 'biblatex.def' found.
 (C:\Users\teodd\AppData\Local\Programs\MiKTeX\tex/latex/biblatex\biblatex.def
File: biblatex.def 2023/03/05 v3.19 biblatex compatibility (PK/MW)
\c@textcitecount=\count445
\c@textcitetotal=\count446
\c@textcitemaxnames=\count447
\c@biburlbigbreakpenalty=\count448
\c@biburlbreakpenalty=\count449
\c@biburlnumpenalty=\count450
\c@biburlucpenalty=\count451
\c@biburllcpenalty=\count452
\biburlbigskip=\muskip18
\biburlnumskip=\muskip19
\biburlucskip=\muskip20
\biburllcskip=\muskip21
\c@smartand=\count453
)
Package biblatex Info: Trying to load bibliography style 'numeric'...
Package biblatex Info: ... file 'numeric.bbx' found.

(C:\Users\teodd\AppData\Local\Programs\MiKTeX\tex/latex/biblatex/bbx\numeric.bb
x
File: numeric.bbx 2023/03/05 v3.19 biblatex bibliography style (PK/MW)
Package biblatex Info: Trying to load bibliography style 'standard'...
Package biblatex Info: ... file 'standard.bbx' found.

(C:\Users\teodd\AppData\Local\Programs\MiKTeX\tex/latex/biblatex/bbx\standard.b
bx
File: standard.bbx 2023/03/05 v3.19 biblatex bibliography style (PK/MW)
\c@bbx:relatedcount=\count454
\c@bbx:relatedtotal=\count455
))
Package biblatex Info: Trying to load citation style 'numeric'...
Package biblatex Info: ... file 'numeric.cbx' found.

(C:\Users\teodd\AppData\Local\Programs\MiKTeX\tex/latex/biblatex/cbx\numeric.cb
x
File: numeric.cbx 2023/03/05 v3.19 biblatex citation style (PK/MW)
Package biblatex Info: Redefining '\cite'.
Package biblatex Info: Redefining '\parencite'.
Package biblatex Info: Redefining '\footcite'.
Package biblatex Info: Redefining '\footcitetext'.
Package biblatex Info: Redefining '\smartcite'.
Package biblatex Info: Redefining '\supercite'.
Package biblatex Info: Redefining '\textcite'.
Package biblatex Info: Redefining '\textcites'.
Package biblatex Info: Redefining '\cites'.
Package biblatex Info: Redefining '\parencites'.
Package biblatex Info: Redefining '\smartcites'.
)
Package biblatex Info: Trying to load configuration file...
Package biblatex Info: ... file 'biblatex.cfg' found.

(C:\Users\teodd\AppData\Local\Programs\MiKTeX\tex/latex/biblatex\biblatex.cfg
File: biblatex.cfg 
)
Package biblatex Info: Input encoding 'utf8' detected.
Package biblatex Info: Document encoding is UTF8 ....

(C:\Users\teodd\AppData\Local\Programs\MiKTeX\tex/latex/l3kernel\expl3.sty
Package: expl3 2024-02-20 L3 programming layer (loader) 
)
Package biblatex Info: ... and expl3
(biblatex)             2024-02-20 L3 programming layer (loader) 
(biblatex)             is new enough (at least 2020/04/06),
(biblatex)             setting 'casechanger=expl3'.

(C:\Users\teodd\AppData\Local\Programs\MiKTeX\tex/latex/biblatex\blx-case-expl3
.sty
(C:\Users\teodd\AppData\Local\Programs\MiKTeX\tex/latex/l3packages/xparse\xpars
e.sty
Package: xparse 2024-02-18 L3 Experimental document command parser
)
Package: blx-case-expl3 2023/03/05 v3.19 expl3 case changing code for biblatex
))
(C:\Users\teodd\AppData\Local\Programs\MiKTeX\tex/latex/geometry\geometry.sty
Package: geometry 2020/01/02 v5.9 Page Geometry

(C:\Users\teodd\AppData\Local\Programs\MiKTeX\tex/generic/iftex\ifvtex.sty
Package: ifvtex 2019/10/25 v1.7 ifvtex legacy package. Use iftex instead.
)
\Gm@cnth=\count456
\Gm@cntv=\count457
\c@Gm@tempcnt=\count458
\Gm@bindingoffset=\dimen257
\Gm@wd@mp=\dimen258
\Gm@odd@mp=\dimen259
\Gm@even@mp=\dimen260
\Gm@layoutwidth=\dimen261
\Gm@layoutheight=\dimen262
\Gm@layouthoffset=\dimen263
\Gm@layoutvoffset=\dimen264
\Gm@dimlist=\toks36

(C:\Users\teodd\AppData\Local\Programs\MiKTeX\tex/latex/geometry\geometry.cfg))
\jmenopraktika=\toks37
\jmeno=\toks38
\datum=\toks39
\obor=\toks40
\skupina=\toks41
\rocnik=\toks42
\semestr=\toks43
\cisloulohy=\toks44
\jmenoulohy=\toks45
\tlak=\toks46
\teplota=\toks47
\vlhkost=\toks48

Package biblatex Warning: 'babel/polyglossia' detected but 'csquotes' missing.
(biblatex)                Loading 'csquotes' recommended.

\@quotelevel=\count459
\@quotereset=\count460
(RLC.aux)
\openout1 = `RLC.aux'.

LaTeX Font Info:    Checking defaults for OML/cmm/m/it on input line 89.
LaTeX Font Info:    ... okay on input line 89.
LaTeX Font Info:    Checking defaults for OMS/cmsy/m/n on input line 89.
LaTeX Font Info:    ... okay on input line 89.
LaTeX Font Info:    Checking defaults for OT1/cmr/m/n on input line 89.
LaTeX Font Info:    ... okay on input line 89.
LaTeX Font Info:    Checking defaults for T1/cmr/m/n on input line 89.
LaTeX Font Info:    ... okay on input line 89.
LaTeX Font Info:    Checking defaults for TS1/cmr/m/n on input line 89.
LaTeX Font Info:    ... okay on input line 89.
LaTeX Font Info:    Checking defaults for OMX/cmex/m/n on input line 89.
LaTeX Font Info:    ... okay on input line 89.
LaTeX Font Info:    Checking defaults for U/cmr/m/n on input line 89.
LaTeX Font Info:    ... okay on input line 89.
LaTeX Font Info:    Checking defaults for PD1/pdf/m/n on input line 89.
LaTeX Font Info:    ... okay on input line 89.
LaTeX Font Info:    Checking defaults for PU/pdf/m/n on input line 89.
LaTeX Font Info:    ... okay on input line 89.

(C:\Users\teodd\AppData\Local\Programs\MiKTeX\tex/context/base/mkii\supp-pdf.mk
ii
[Loading MPS to PDF converter (version 2006.09.02).]
\scratchcounter=\count461
\scratchdimen=\dimen265
\scratchbox=\box107
\nofMPsegments=\count462
\nofMParguments=\count463
\everyMPshowfont=\toks49
\MPscratchCnt=\count464
\MPscratchDim=\dimen266
\MPnumerator=\count465
\makeMPintoPDFobject=\count466
\everyMPtoPDFconversion=\toks50
)
(C:\Users\teodd\AppData\Local\Programs\MiKTeX\tex/latex/epstopdf-pkg\epstopdf-b
ase.sty
Package: epstopdf-base 2020-01-24 v2.11 Base part for package epstopdf
Package epstopdf-base Info: Redefining graphics rule for `.eps' on input line 4
85.

(C:\Users\teodd\AppData\Local\Programs\MiKTeX\tex/latex/00miktex\epstopdf-sys.c
fg
File: epstopdf-sys.cfg 2021/03/18 v2.0 Configuration of epstopdf for MiKTeX
))
Package hyperref Info: Link coloring OFF on input line 89.
 (RLC.out) (RLC.out)
\@outlinefile=\write4
\openout4 = `RLC.out'.

Package caption Info: Begin \AtBeginDocument code.
Package caption Info: float package is loaded.
Package caption Info: End \AtBeginDocument code.
Package biblatex Info: Trying to load language 'czech'...
Package biblatex Info: ... file 'czech.lbx' found.

(C:\Users\teodd\AppData\Local\Programs\MiKTeX\tex/latex/biblatex/lbx\czech.lbx
File: czech.lbx 2023/03/05 v3.19 biblatex localization (PK/MW)
)
Package biblatex Info: Input encoding 'utf8' detected.
Package biblatex Info: Automatic encoding selection.
(biblatex)             Assuming data encoding 'utf8'.
\openout3 = `RLC.bcf'.

Package biblatex Info: Trying to load bibliographic data...
Package biblatex Info: ... file 'RLC.bbl' not found.
No file RLC.bbl.
Package biblatex Info: Reference section=0 on input line 89.
Package biblatex Info: Reference segment=0 on input line 89.
*geometry* driver: auto-detecting
*geometry* detected driver: pdftex
*geometry* verbose mode - [ preamble ] result:
* driver: pdftex
* paper: a4paper
* layout: <same size as paper>
* layoutoffset:(h,v)=(0.0pt,0.0pt)
* modes: 
* h-part:(L,W,R)=(56.9055pt, 483.69687pt, 56.9055pt)
* v-part:(T,H,B)=(56.9055pt, 731.23584pt, 56.9055pt)
* \paperwidth=597.50787pt
* \paperheight=845.04684pt
* \textwidth=483.69687pt
* \textheight=731.23584pt
* \oddsidemargin=-15.36449pt
* \evensidemargin=-15.36449pt
* \topmargin=-52.36449pt
* \headheight=12.0pt
* \headsep=25.0pt
* \topskip=11.0pt
* \footskip=30.0pt
* \marginparwidth=50.0pt
* \marginparsep=10.0pt
* \columnsep=10.0pt
* \skip\footins=10.0pt plus 4.0pt minus 2.0pt
* \hoffset=0.0pt
* \voffset=0.0pt
* \mag=1000
* \@twocolumnfalse
* \@twosidefalse
* \@mparswitchfalse
* \@reversemarginfalse
* (1in=72.27pt=25.4mm, 1cm=28.453pt)

LaTeX Font Info:    Trying to load font information for T1+cmss on input line 9
8.
(C:\Users\teodd\AppData\Local\Programs\MiKTeX\tex/latex/base\t1cmss.fd
File: t1cmss.fd 2023/04/13 v2.5m Standard LaTeX font definitions
)
LaTeX Font Info:    Trying to load font information for U+msa on input line 111
.

(C:\Users\teodd\AppData\Local\Programs\MiKTeX\tex/latex/amsfonts\umsa.fd
File: umsa.fd 2013/01/14 v3.01 AMS symbols A
)
LaTeX Font Info:    Trying to load font information for U+msb on input line 111
.

(C:\Users\teodd\AppData\Local\Programs\MiKTeX\tex/latex/amsfonts\umsb.fd
File: umsb.fd 2013/01/14 v3.01 AMS symbols B
)
Overfull \hbox (2.41779pt too wide) in paragraph at lines 109--120
 []
 []


Underfull \hbox (badness 10000) in paragraph at lines 109--120

 []

<./images/obvod1.png, id=67, 794.97pt x 366.168pt>
File: ./images/obvod1.png Graphic file (type png)
<use ./images/obvod1.png>
Package pdftex.def Info: ./images/obvod1.png  used on input line 162.
(pdftex.def)             Requested size: 794.96806pt x 366.1671pt.
[1

{C:/Users/teodd/AppData/Local/MiKTeX/fonts/map/pdftex/pdftex.map} <./images/obv
od1.png>]
<./images/ZC01.png, id=100, 421.575pt x 316.0608pt>
File: ./images/ZC01.png Graphic file (type png)
<use ./images/ZC01.png>
Package pdftex.def Info: ./images/ZC01.png  used on input line 219.
(pdftex.def)             Requested size: 421.57396pt x 316.06003pt.
 <./images/ZC01.png (PNG copy)> <a0,fr0> <a0,fr1> <a0,fr2> <a0,fr3>
<./images/ZC05.png, id=103, 421.575pt x 316.0608pt>
File: ./images/ZC05.png Graphic file (type png)
<use ./images/ZC05.png>
Package pdftex.def Info: ./images/ZC05.png  used on input line 219.
(pdftex.def)             Requested size: 421.57396pt x 316.06003pt.
 <./images/ZC05.png (PNG copy)> <a0,fr4>
<./images/ZC06.png, id=106, 421.575pt x 316.0608pt>
File: ./images/ZC06.png Graphic file (type png)
<use ./images/ZC06.png>
Package pdftex.def Info: ./images/ZC06.png  used on input line 219.
(pdftex.def)             Requested size: 421.57396pt x 316.06003pt.
 <./images/ZC06.png (PNG copy)>
<a0,fr5>
<./images/ZC07.png, id=109, 421.575pt x 316.0608pt>
File: ./images/ZC07.png Graphic file (type png)
<use ./images/ZC07.png>
Package pdftex.def Info: ./images/ZC07.png  used on input line 219.
(pdftex.def)             Requested size: 421.57396pt x 316.06003pt.
 <./images/ZC07.png (PNG copy)> <a0,fr6>
<./images/ZC08.png, id=112, 421.575pt x 316.0608pt>
File: ./images/ZC08.png Graphic file (type png)
<use ./images/ZC08.png>
Package pdftex.def Info: ./images/ZC08.png  used on input line 219.
(pdftex.def)             Requested size: 421.57396pt x 316.06003pt.
 <./images/ZC08.png (PNG copy)> <a0,fr7>
<./images/ZC09.png, id=115, 421.575pt x 316.0608pt>
File: ./images/ZC09.png Graphic file (type png)
<use ./images/ZC09.png>
Package pdftex.def Info: ./images/ZC09.png  used on input line 219.
(pdftex.def)             Requested size: 421.57396pt x 316.06003pt.
 <./images/ZC09.png (PNG copy)> <a0,fr8>
<./images/ZC10.png, id=118, 421.575pt x 316.0608pt>
File: ./images/ZC10.png Graphic file (type png)
<use ./images/ZC10.png>
Package pdftex.def Info: ./images/ZC10.png  used on input line 219.
(pdftex.def)             Requested size: 421.57396pt x 316.06003pt.
 <./images/ZC10.png (PNG copy)> <a0,fr9>
<./images/ZC11.png, id=121, 421.575pt x 316.0608pt>
File: ./images/ZC11.png Graphic file (type png)
<use ./images/ZC11.png>
Package pdftex.def Info: ./images/ZC11.png  used on input line 219.
(pdftex.def)             Requested size: 421.57396pt x 316.06003pt.
 <./images/ZC11.png (PNG copy)> <a0,fr10>
<./images/ZC12.png, id=124, 421.575pt x 316.0608pt>
File: ./images/ZC12.png Graphic file (type png)
<use ./images/ZC12.png>
Package pdftex.def Info: ./images/ZC12.png  used on input line 219.
(pdftex.def)             Requested size: 421.57396pt x 316.06003pt.
 <./images/ZC12.png (PNG copy)> <a0,fr11>
<./images/ZC13.png, id=127, 421.575pt x 316.0608pt>
File: ./images/ZC13.png Graphic file (type png)
<use ./images/ZC13.png>
Package pdftex.def Info: ./images/ZC13.png  used on input line 219.
(pdftex.def)             Requested size: 421.57396pt x 316.06003pt.
 <./images/ZC13.png (PNG copy)> <a0,fr12>
<./images/ZC14.png, id=130, 421.575pt x 316.0608pt>
File: ./images/ZC14.png Graphic file (type png)
<use ./images/ZC14.png>
Package pdftex.def Info: ./images/ZC14.png  used on input line 219.
(pdftex.def)             Requested size: 421.57396pt x 316.06003pt.
 <./images/ZC14.png (PNG copy)> <a0,fr13>
<./images/ZC15.png, id=133, 421.575pt x 316.0608pt>
File: ./images/ZC15.png Graphic file (type png)
<use ./images/ZC15.png>
Package pdftex.def Info: ./images/ZC15.png  used on input line 219.
(pdftex.def)             Requested size: 421.57396pt x 316.06003pt.
 <./images/ZC15.png (PNG copy)> <a0,fr14>
<./images/ZC16.png, id=136, 421.575pt x 316.0608pt>
File: ./images/ZC16.png Graphic file (type png)
<use ./images/ZC16.png>
Package pdftex.def Info: ./images/ZC16.png  used on input line 219.
(pdftex.def)             Requested size: 421.57396pt x 316.06003pt.
 <./images/ZC16.png (PNG copy)> <a0,fr15>
<./images/ZC17.png, id=139, 421.575pt x 316.0608pt>
File: ./images/ZC17.png Graphic file (type png)
<use ./images/ZC17.png>
Package pdftex.def Info: ./images/ZC17.png  used on input line 219.
(pdftex.def)             Requested size: 421.57396pt x 316.06003pt.
 <./images/ZC17.png (PNG copy)> <a0,fr16>
<./images/ZC18.png, id=142, 421.575pt x 316.0608pt>
File: ./images/ZC18.png Graphic file (type png)
<use ./images/ZC18.png>
Package pdftex.def Info: ./images/ZC18.png  used on input line 219.
(pdftex.def)             Requested size: 421.57396pt x 316.06003pt.
 <./images/ZC18.png (PNG copy)> <a0,fr17>
<./images/ZC19.png, id=145, 421.575pt x 316.0608pt>
File: ./images/ZC19.png Graphic file (type png)
<use ./images/ZC19.png>
Package pdftex.def Info: ./images/ZC19.png  used on input line 219.
(pdftex.def)             Requested size: 421.57396pt x 316.06003pt.
 <./images/ZC19.png (PNG copy)> <a0,fr18>
<./images/ZC20.png, id=148, 421.575pt x 316.0608pt>
File: ./images/ZC20.png Graphic file (type png)
<use ./images/ZC20.png>
Package pdftex.def Info: ./images/ZC20.png  used on input line 219.
(pdftex.def)             Requested size: 421.57396pt x 316.06003pt.
 <./images/ZC20.png (PNG copy)> <a0,fr19>
<./images/ZC21.png, id=151, 421.575pt x 316.0608pt>
File: ./images/ZC21.png Graphic file (type png)
<use ./images/ZC21.png>
Package pdftex.def Info: ./images/ZC21.png  used on input line 219.
(pdftex.def)             Requested size: 421.57396pt x 316.06003pt.
 <./images/ZC21.png (PNG copy)> <a0,fr20>
<./images/ZC22.png, id=154, 421.575pt x 316.0608pt>
File: ./images/ZC22.png Graphic file (type png)
<use ./images/ZC22.png>
Package pdftex.def Info: ./images/ZC22.png  used on input line 219.
(pdftex.def)             Requested size: 421.57396pt x 316.06003pt.
 <./images/ZC22.png (PNG copy)> <a0,fr21>
<./images/ZC23.png, id=157, 421.575pt x 316.0608pt>
File: ./images/ZC23.png Graphic file (type png)
<use ./images/ZC23.png>
Package pdftex.def Info: ./images/ZC23.png  used on input line 219.
(pdftex.def)             Requested size: 421.57396pt x 316.06003pt.
 <./images/ZC23.png (PNG copy)> <a0,fr22>
<./images/ZC24.png, id=160, 421.575pt x 316.0608pt>
File: ./images/ZC24.png Graphic file (type png)
<use ./images/ZC24.png>
Package pdftex.def Info: ./images/ZC24.png  used on input line 219.
(pdftex.def)             Requested size: 421.57396pt x 316.06003pt.
 <./images/ZC24.png (PNG copy)> <a0,fr23>
<./images/ZC25.png, id=163, 421.575pt x 316.0608pt>
File: ./images/ZC25.png Graphic file (type png)
<use ./images/ZC25.png>
Package pdftex.def Info: ./images/ZC25.png  used on input line 219.
(pdftex.def)             Requested size: 421.57396pt x 316.06003pt.
 <./images/ZC25.png (PNG copy)> <a0,fr24>
<./images/ZC26.png, id=166, 421.575pt x 316.0608pt>
File: ./images/ZC26.png Graphic file (type png)
<use ./images/ZC26.png>
Package pdftex.def Info: ./images/ZC26.png  used on input line 219.
(pdftex.def)             Requested size: 421.57396pt x 316.06003pt.
 <./images/ZC26.png (PNG copy)> <a0,fr25>
<./images/ZC27.png, id=169, 421.575pt x 316.0608pt>
File: ./images/ZC27.png Graphic file (type png)
<use ./images/ZC27.png>
Package pdftex.def Info: ./images/ZC27.png  used on input line 219.
(pdftex.def)             Requested size: 421.57396pt x 316.06003pt.
 <./images/ZC27.png (PNG copy)> <a0,fr26>
<./images/ZC28.png, id=172, 421.575pt x 316.0608pt>
File: ./images/ZC28.png Graphic file (type png)
<use ./images/ZC28.png>
Package pdftex.def Info: ./images/ZC28.png  used on input line 219.
(pdftex.def)             Requested size: 421.57396pt x 316.06003pt.
 <./images/ZC28.png (PNG copy)> <a0,fr27>
<./images/ZC29.png, id=175, 421.575pt x 316.0608pt>
File: ./images/ZC29.png Graphic file (type png)
<use ./images/ZC29.png>
Package pdftex.def Info: ./images/ZC29.png  used on input line 219.
(pdftex.def)             Requested size: 421.57396pt x 316.06003pt.
 <./images/ZC29.png (PNG copy)> <a0,fr28>
<./images/ZC30.png, id=178, 421.575pt x 316.0608pt>
File: ./images/ZC30.png Graphic file (type png)
<use ./images/ZC30.png>
Package pdftex.def Info: ./images/ZC30.png  used on input line 219.
(pdftex.def)             Requested size: 421.57396pt x 316.06003pt.
 <./images/ZC30.png (PNG copy)> <a0,fr29>
<./images/ZC31.png, id=181, 421.575pt x 316.0608pt>
File: ./images/ZC31.png Graphic file (type png)
<use ./images/ZC31.png>
Package pdftex.def Info: ./images/ZC31.png  used on input line 219.
(pdftex.def)             Requested size: 421.57396pt x 316.06003pt.
 <./images/ZC31.png (PNG copy)>
<a0,fr30>
<./images/ZC32.png, id=184, 421.575pt x 316.0608pt>
File: ./images/ZC32.png Graphic file (type png)
<use ./images/ZC32.png>
Package pdftex.def Info: ./images/ZC32.png  used on input line 219.
(pdftex.def)             Requested size: 421.57396pt x 316.06003pt.
 <./images/ZC32.png (PNG copy)> <a0,fr31>
<./images/ZC33.png, id=187, 421.575pt x 316.0608pt>
File: ./images/ZC33.png Graphic file (type png)
<use ./images/ZC33.png>
Package pdftex.def Info: ./images/ZC33.png  used on input line 219.
(pdftex.def)             Requested size: 421.57396pt x 316.06003pt.
 <./images/ZC33.png (PNG copy)> <a0,fr32>
<./images/ZC34.png, id=190, 421.575pt x 316.0608pt>
File: ./images/ZC34.png Graphic file (type png)
<use ./images/ZC34.png>
Package pdftex.def Info: ./images/ZC34.png  used on input line 219.
(pdftex.def)             Requested size: 421.57396pt x 316.06003pt.
 <./images/ZC34.png (PNG copy)> <a0,fr33>
<./images/ZC35.png, id=193, 421.575pt x 316.0608pt>
File: ./images/ZC35.png Graphic file (type png)
<use ./images/ZC35.png>
Package pdftex.def Info: ./images/ZC35.png  used on input line 219.
(pdftex.def)             Requested size: 421.57396pt x 316.06003pt.
 <./images/ZC35.png (PNG copy)> <a0,fr34>
<./images/ZC36.png, id=196, 421.575pt x 316.0608pt>
File: ./images/ZC36.png Graphic file (type png)
<use ./images/ZC36.png>
Package pdftex.def Info: ./images/ZC36.png  used on input line 219.
(pdftex.def)             Requested size: 421.57396pt x 316.06003pt.
 <./images/ZC36.png (PNG copy)> <a0,fr35>
<./images/ZC37.png, id=199, 421.575pt x 316.0608pt>
File: ./images/ZC37.png Graphic file (type png)
<use ./images/ZC37.png>
Package pdftex.def Info: ./images/ZC37.png  used on input line 219.
(pdftex.def)             Requested size: 421.57396pt x 316.06003pt.
 <./images/ZC37.png (PNG copy)> <a0,fr36>
<./images/ZC38.png, id=202, 421.575pt x 316.0608pt>
File: ./images/ZC38.png Graphic file (type png)
<use ./images/ZC38.png>
Package pdftex.def Info: ./images/ZC38.png  used on input line 219.
(pdftex.def)             Requested size: 421.57396pt x 316.06003pt.
 <./images/ZC38.png (PNG copy)> <a0,fr37>
<./images/ZC39.png, id=205, 421.575pt x 316.0608pt>
File: ./images/ZC39.png Graphic file (type png)
<use ./images/ZC39.png>
Package pdftex.def Info: ./images/ZC39.png  used on input line 219.
(pdftex.def)             Requested size: 421.57396pt x 316.06003pt.
 <./images/ZC39.png (PNG copy)> <a0,fr38>
<./images/ZC40.png, id=208, 421.575pt x 316.0608pt>
File: ./images/ZC40.png Graphic file (type png)
<use ./images/ZC40.png>
Package pdftex.def Info: ./images/ZC40.png  used on input line 219.
(pdftex.def)             Requested size: 421.57396pt x 316.06003pt.
 <./images/ZC40.png (PNG copy)> <a0,fr39>
<./images/ZC41.png, id=211, 421.575pt x 316.0608pt>
File: ./images/ZC41.png Graphic file (type png)
<use ./images/ZC41.png>
Package pdftex.def Info: ./images/ZC41.png  used on input line 219.
(pdftex.def)             Requested size: 421.57396pt x 316.06003pt.
 <./images/ZC41.png (PNG copy)> <a0,fr40>
<./images/ZC42.png, id=214, 421.575pt x 316.0608pt>
File: ./images/ZC42.png Graphic file (type png)
<use ./images/ZC42.png>
Package pdftex.def Info: ./images/ZC42.png  used on input line 219.
(pdftex.def)             Requested size: 421.57396pt x 316.06003pt.
 <./images/ZC42.png (PNG copy)> <a0,fr41>
<./images/ZC43.png, id=217, 421.575pt x 316.0608pt>
File: ./images/ZC43.png Graphic file (type png)
<use ./images/ZC43.png>
Package pdftex.def Info: ./images/ZC43.png  used on input line 219.
(pdftex.def)             Requested size: 421.57396pt x 316.06003pt.
 <./images/ZC43.png (PNG copy)> <a0,fr42>
<./images/ZC44.png, id=220, 421.575pt x 316.0608pt>
File: ./images/ZC44.png Graphic file (type png)
<use ./images/ZC44.png>
Package pdftex.def Info: ./images/ZC44.png  used on input line 219.
(pdftex.def)             Requested size: 421.57396pt x 316.06003pt.
 <./images/ZC44.png (PNG copy)> <a0,fr43>
<./images/ZC45.png, id=223, 421.575pt x 316.0608pt>
File: ./images/ZC45.png Graphic file (type png)
<use ./images/ZC45.png>
Package pdftex.def Info: ./images/ZC45.png  used on input line 219.
(pdftex.def)             Requested size: 421.57396pt x 316.06003pt.
 <./images/ZC45.png (PNG copy)> <a0,fr44>
<./images/ZC46.png, id=226, 421.575pt x 316.0608pt>
File: ./images/ZC46.png Graphic file (type png)
<use ./images/ZC46.png>
Package pdftex.def Info: ./images/ZC46.png  used on input line 219.
(pdftex.def)             Requested size: 421.57396pt x 316.06003pt.
 <./images/ZC46.png (PNG copy)> <a0,fr45>
<./images/ZC47.png, id=229, 421.575pt x 316.0608pt>
File: ./images/ZC47.png Graphic file (type png)
<use ./images/ZC47.png>
Package pdftex.def Info: ./images/ZC47.png  used on input line 219.
(pdftex.def)             Requested size: 421.57396pt x 316.06003pt.
 <./images/ZC47.png (PNG copy)> <a0,fr46>
<./images/ZC48.png, id=232, 421.575pt x 316.0608pt>
File: ./images/ZC48.png Graphic file (type png)
<use ./images/ZC48.png>
Package pdftex.def Info: ./images/ZC48.png  used on input line 219.
(pdftex.def)             Requested size: 421.57396pt x 316.06003pt.
 <./images/ZC48.png (PNG copy)> <a0,fr47>
<./images/ZC49.png, id=235, 421.575pt x 316.0608pt>
File: ./images/ZC49.png Graphic file (type png)
<use ./images/ZC49.png>
Package pdftex.def Info: ./images/ZC49.png  used on input line 219.
(pdftex.def)             Requested size: 421.57396pt x 316.06003pt.
 <./images/ZC49.png (PNG copy)> <a0,fr48>
<./images/ZC50.png, id=238, 421.575pt x 316.0608pt>
File: ./images/ZC50.png Graphic file (type png)
<use ./images/ZC50.png>
Package pdftex.def Info: ./images/ZC50.png  used on input line 219.
(pdftex.def)             Requested size: 421.57396pt x 316.06003pt.
 <./images/ZC50.png (PNG copy)> <a0,fr49>
<./images/ZC51.png, id=241, 421.575pt x 316.0608pt>
File: ./images/ZC51.png Graphic file (type png)
<use ./images/ZC51.png>
Package pdftex.def Info: ./images/ZC51.png  used on input line 219.
(pdftex.def)             Requested size: 421.57396pt x 316.06003pt.
 <./images/ZC51.png (PNG copy)> <a0,fr50>
<./images/ZC52.png, id=244, 421.575pt x 316.0608pt>
File: ./images/ZC52.png Graphic file (type png)
<use ./images/ZC52.png>
Package pdftex.def Info: ./images/ZC52.png  used on input line 219.
(pdftex.def)             Requested size: 421.57396pt x 316.06003pt.
 <./images/ZC52.png (PNG copy)>
<a0,fr51>
<./images/ZC53.png, id=247, 421.575pt x 316.0608pt>
File: ./images/ZC53.png Graphic file (type png)
<use ./images/ZC53.png>
Package pdftex.def Info: ./images/ZC53.png  used on input line 219.
(pdftex.def)             Requested size: 421.57396pt x 316.06003pt.
 <./images/ZC53.png (PNG copy)> <a0,fr52>
<./images/ZC54.png, id=250, 421.575pt x 316.0608pt>
File: ./images/ZC54.png Graphic file (type png)
<use ./images/ZC54.png>
Package pdftex.def Info: ./images/ZC54.png  used on input line 219.
(pdftex.def)             Requested size: 421.57396pt x 316.06003pt.
 <./images/ZC54.png (PNG copy)> <a0,fr53>
<./images/ZC55.png, id=253, 421.575pt x 316.0608pt>
File: ./images/ZC55.png Graphic file (type png)
<use ./images/ZC55.png>
Package pdftex.def Info: ./images/ZC55.png  used on input line 219.
(pdftex.def)             Requested size: 421.57396pt x 316.06003pt.
 <./images/ZC55.png (PNG copy)> <a0,fr54>
<./images/ZC56.png, id=256, 421.575pt x 316.0608pt>
File: ./images/ZC56.png Graphic file (type png)
<use ./images/ZC56.png>
Package pdftex.def Info: ./images/ZC56.png  used on input line 219.
(pdftex.def)             Requested size: 421.57396pt x 316.06003pt.
 <./images/ZC56.png (PNG copy)> <a0,fr55>
<./images/ZC57.png, id=259, 421.575pt x 316.0608pt>
File: ./images/ZC57.png Graphic file (type png)
<use ./images/ZC57.png>
Package pdftex.def Info: ./images/ZC57.png  used on input line 219.
(pdftex.def)             Requested size: 421.57396pt x 316.06003pt.
 <./images/ZC57.png (PNG copy)> <a0,fr56>
<./images/ZC58.png, id=262, 421.575pt x 316.0608pt>
File: ./images/ZC58.png Graphic file (type png)
<use ./images/ZC58.png>
Package pdftex.def Info: ./images/ZC58.png  used on input line 219.
(pdftex.def)             Requested size: 421.57396pt x 316.06003pt.
 <./images/ZC58.png (PNG copy)> <a0,fr57>
<./images/ZC59.png, id=265, 421.575pt x 316.0608pt>
File: ./images/ZC59.png Graphic file (type png)
<use ./images/ZC59.png>
Package pdftex.def Info: ./images/ZC59.png  used on input line 219.
(pdftex.def)             Requested size: 421.57396pt x 316.06003pt.
 <./images/ZC59.png (PNG copy)> <a0,fr58>
<./images/ZC60.png, id=268, 421.575pt x 316.0608pt>
File: ./images/ZC60.png Graphic file (type png)
<use ./images/ZC60.png>
Package pdftex.def Info: ./images/ZC60.png  used on input line 219.
(pdftex.def)             Requested size: 421.57396pt x 316.06003pt.
 <./images/ZC60.png (PNG copy)> <a0,fr59>
<./images/ZC61.png, id=271, 421.575pt x 316.0608pt>
File: ./images/ZC61.png Graphic file (type png)
<use ./images/ZC61.png>
Package pdftex.def Info: ./images/ZC61.png  used on input line 219.
(pdftex.def)             Requested size: 421.57396pt x 316.06003pt.
 <./images/ZC61.png (PNG copy)> <a0,fr60>
<./images/ZC62.png, id=274, 421.575pt x 316.0608pt>
File: ./images/ZC62.png Graphic file (type png)
<use ./images/ZC62.png>
Package pdftex.def Info: ./images/ZC62.png  used on input line 219.
(pdftex.def)             Requested size: 421.57396pt x 316.06003pt.
 <./images/ZC62.png (PNG copy)> <a0,fr61>
<./images/ZC63.png, id=277, 421.575pt x 316.0608pt>
File: ./images/ZC63.png Graphic file (type png)
<use ./images/ZC63.png>
Package pdftex.def Info: ./images/ZC63.png  used on input line 219.
(pdftex.def)             Requested size: 421.57396pt x 316.06003pt.
 <./images/ZC63.png (PNG copy)> <a0,fr62>
<./images/ZL01.png, id=349, 421.575pt x 316.0608pt>
File: ./images/ZL01.png Graphic file (type png)
<use ./images/ZL01.png>
Package pdftex.def Info: ./images/ZL01.png  used on input line 246.
(pdftex.def)             Requested size: 421.57396pt x 316.06003pt.
 <./images/ZL01.png (PNG copy)> <a1,fr0> <a1,fr1> <a1,fr2> <a1,fr3>
<./images/ZL05.png, id=352, 421.575pt x 316.0608pt>
File: ./images/ZL05.png Graphic file (type png)
<use ./images/ZL05.png>
Package pdftex.def Info: ./images/ZL05.png  used on input line 246.
(pdftex.def)             Requested size: 421.57396pt x 316.06003pt.
 <./images/ZL05.png (PNG copy)> <a1,fr4>
<./images/ZL06.png, id=355, 421.575pt x 316.0608pt>
File: ./images/ZL06.png Graphic file (type png)
<use ./images/ZL06.png>
Package pdftex.def Info: ./images/ZL06.png  used on input line 246.
(pdftex.def)             Requested size: 421.57396pt x 316.06003pt.
 <./images/ZL06.png (PNG copy)> <a1,fr5>
<./images/ZL07.png, id=358, 421.575pt x 316.0608pt>
File: ./images/ZL07.png Graphic file (type png)
<use ./images/ZL07.png>
Package pdftex.def Info: ./images/ZL07.png  used on input line 246.
(pdftex.def)             Requested size: 421.57396pt x 316.06003pt.
 <./images/ZL07.png (PNG copy)> <a1,fr6>
<./images/ZL08.png, id=361, 421.575pt x 316.0608pt>
File: ./images/ZL08.png Graphic file (type png)
<use ./images/ZL08.png>
Package pdftex.def Info: ./images/ZL08.png  used on input line 246.
(pdftex.def)             Requested size: 421.57396pt x 316.06003pt.
 <./images/ZL08.png (PNG copy)> <a1,fr7>
<./images/ZL09.png, id=364, 421.575pt x 316.0608pt>
File: ./images/ZL09.png Graphic file (type png)
<use ./images/ZL09.png>
Package pdftex.def Info: ./images/ZL09.png  used on input line 246.
(pdftex.def)             Requested size: 421.57396pt x 316.06003pt.
 <./images/ZL09.png (PNG copy)> <a1,fr8>
<./images/ZL10.png, id=367, 421.575pt x 316.0608pt>
File: ./images/ZL10.png Graphic file (type png)
<use ./images/ZL10.png>
Package pdftex.def Info: ./images/ZL10.png  used on input line 246.
(pdftex.def)             Requested size: 421.57396pt x 316.06003pt.
 <./images/ZL10.png (PNG copy)> <a1,fr9>
<./images/ZL11.png, id=370, 421.575pt x 316.0608pt>
File: ./images/ZL11.png Graphic file (type png)
<use ./images/ZL11.png>
Package pdftex.def Info: ./images/ZL11.png  used on input line 246.
(pdftex.def)             Requested size: 421.57396pt x 316.06003pt.
 <./images/ZL11.png (PNG copy)> <a1,fr10>
<./images/ZL12.png, id=373, 421.575pt x 316.0608pt>
File: ./images/ZL12.png Graphic file (type png)
<use ./images/ZL12.png>
Package pdftex.def Info: ./images/ZL12.png  used on input line 246.
(pdftex.def)             Requested size: 421.57396pt x 316.06003pt.
 <./images/ZL12.png (PNG copy)> <a1,fr11>
<./images/ZL13.png, id=376, 421.575pt x 316.0608pt>
File: ./images/ZL13.png Graphic file (type png)
<use ./images/ZL13.png>
Package pdftex.def Info: ./images/ZL13.png  used on input line 246.
(pdftex.def)             Requested size: 421.57396pt x 316.06003pt.
 <./images/ZL13.png (PNG copy)> <a1,fr12>
<./images/ZL14.png, id=379, 421.575pt x 316.0608pt>
File: ./images/ZL14.png Graphic file (type png)
<use ./images/ZL14.png>
Package pdftex.def Info: ./images/ZL14.png  used on input line 246.
(pdftex.def)             Requested size: 421.57396pt x 316.06003pt.
 <./images/ZL14.png (PNG copy)> <a1,fr13>
<./images/ZL15.png, id=382, 421.575pt x 316.0608pt>
File: ./images/ZL15.png Graphic file (type png)
<use ./images/ZL15.png>
Package pdftex.def Info: ./images/ZL15.png  used on input line 246.
(pdftex.def)             Requested size: 421.57396pt x 316.06003pt.
 <./images/ZL15.png (PNG copy)> <a1,fr14>
<./images/ZL16.png, id=385, 421.575pt x 316.0608pt>
File: ./images/ZL16.png Graphic file (type png)
<use ./images/ZL16.png>
Package pdftex.def Info: ./images/ZL16.png  used on input line 246.
(pdftex.def)             Requested size: 421.57396pt x 316.06003pt.
 <./images/ZL16.png (PNG copy)> <a1,fr15>
<./images/ZL17.png, id=388, 421.575pt x 316.0608pt>
File: ./images/ZL17.png Graphic file (type png)
<use ./images/ZL17.png>
Package pdftex.def Info: ./images/ZL17.png  used on input line 246.
(pdftex.def)             Requested size: 421.57396pt x 316.06003pt.
 <./images/ZL17.png (PNG copy)> <a1,fr16>
<./images/ZL18.png, id=391, 421.575pt x 316.0608pt>
File: ./images/ZL18.png Graphic file (type png)
<use ./images/ZL18.png>
Package pdftex.def Info: ./images/ZL18.png  used on input line 246.
(pdftex.def)             Requested size: 421.57396pt x 316.06003pt.
 <./images/ZL18.png (PNG copy)> <a1,fr17>
<./images/ZL19.png, id=394, 421.575pt x 316.0608pt>
File: ./images/ZL19.png Graphic file (type png)
<use ./images/ZL19.png>
Package pdftex.def Info: ./images/ZL19.png  used on input line 246.
(pdftex.def)             Requested size: 421.57396pt x 316.06003pt.
 <./images/ZL19.png (PNG copy)> <a1,fr18>
<./images/ZL20.png, id=397, 421.575pt x 316.0608pt>
File: ./images/ZL20.png Graphic file (type png)
<use ./images/ZL20.png>
Package pdftex.def Info: ./images/ZL20.png  used on input line 246.
(pdftex.def)             Requested size: 421.57396pt x 316.06003pt.
 <./images/ZL20.png (PNG copy)> <a1,fr19>
<./images/ZL21.png, id=400, 421.575pt x 316.0608pt>
File: ./images/ZL21.png Graphic file (type png)
<use ./images/ZL21.png>
Package pdftex.def Info: ./images/ZL21.png  used on input line 246.
(pdftex.def)             Requested size: 421.57396pt x 316.06003pt.
 <./images/ZL21.png (PNG copy)> <a1,fr20>
<./images/ZL22.png, id=403, 421.575pt x 316.0608pt>
File: ./images/ZL22.png Graphic file (type png)
<use ./images/ZL22.png>
Package pdftex.def Info: ./images/ZL22.png  used on input line 246.
(pdftex.def)             Requested size: 421.57396pt x 316.06003pt.
 <./images/ZL22.png (PNG copy)> <a1,fr21>
<./images/ZL23.png, id=406, 421.575pt x 316.0608pt>
File: ./images/ZL23.png Graphic file (type png)
<use ./images/ZL23.png>
Package pdftex.def Info: ./images/ZL23.png  used on input line 246.
(pdftex.def)             Requested size: 421.57396pt x 316.06003pt.
 <./images/ZL23.png (PNG copy)> <a1,fr22>
<./images/ZL24.png, id=409, 421.575pt x 316.0608pt>
File: ./images/ZL24.png Graphic file (type png)
<use ./images/ZL24.png>
Package pdftex.def Info: ./images/ZL24.png  used on input line 246.
(pdftex.def)             Requested size: 421.57396pt x 316.06003pt.
 <./images/ZL24.png (PNG copy)> <a1,fr23>
<./images/ZL25.png, id=412, 421.575pt x 316.0608pt>
File: ./images/ZL25.png Graphic file (type png)
<use ./images/ZL25.png>
Package pdftex.def Info: ./images/ZL25.png  used on input line 246.
(pdftex.def)             Requested size: 421.57396pt x 316.06003pt.
 <./images/ZL25.png (PNG copy)> <a1,fr24>
<./images/ZL26.png, id=415, 421.575pt x 316.0608pt>
File: ./images/ZL26.png Graphic file (type png)
<use ./images/ZL26.png>
Package pdftex.def Info: ./images/ZL26.png  used on input line 246.
(pdftex.def)             Requested size: 421.57396pt x 316.06003pt.
 <./images/ZL26.png (PNG copy)>
<a1,fr25>
<./images/ZL27.png, id=418, 421.575pt x 316.0608pt>
File: ./images/ZL27.png Graphic file (type png)
<use ./images/ZL27.png>
Package pdftex.def Info: ./images/ZL27.png  used on input line 246.
(pdftex.def)             Requested size: 421.57396pt x 316.06003pt.
 <./images/ZL27.png (PNG copy)> <a1,fr26>
<./images/ZL28.png, id=421, 421.575pt x 316.0608pt>
File: ./images/ZL28.png Graphic file (type png)
<use ./images/ZL28.png>
Package pdftex.def Info: ./images/ZL28.png  used on input line 246.
(pdftex.def)             Requested size: 421.57396pt x 316.06003pt.
 <./images/ZL28.png (PNG copy)> <a1,fr27>
<./images/ZL29.png, id=424, 421.575pt x 316.0608pt>
File: ./images/ZL29.png Graphic file (type png)
<use ./images/ZL29.png>
Package pdftex.def Info: ./images/ZL29.png  used on input line 246.
(pdftex.def)             Requested size: 421.57396pt x 316.06003pt.
 <./images/ZL29.png (PNG copy)> <a1,fr28>
<./images/ZL30.png, id=427, 421.575pt x 316.0608pt>
File: ./images/ZL30.png Graphic file (type png)
<use ./images/ZL30.png>
Package pdftex.def Info: ./images/ZL30.png  used on input line 246.
(pdftex.def)             Requested size: 421.57396pt x 316.06003pt.
 <./images/ZL30.png (PNG copy)> <a1,fr29>
<./images/ZL31.png, id=430, 421.575pt x 316.0608pt>
File: ./images/ZL31.png Graphic file (type png)
<use ./images/ZL31.png>
Package pdftex.def Info: ./images/ZL31.png  used on input line 246.
(pdftex.def)             Requested size: 421.57396pt x 316.06003pt.
 <./images/ZL31.png (PNG copy)> <a1,fr30>
<./images/ZL32.png, id=433, 421.575pt x 316.0608pt>
File: ./images/ZL32.png Graphic file (type png)
<use ./images/ZL32.png>
Package pdftex.def Info: ./images/ZL32.png  used on input line 246.
(pdftex.def)             Requested size: 421.57396pt x 316.06003pt.
 <./images/ZL32.png (PNG copy)> <a1,fr31>
<./images/ZL33.png, id=436, 421.575pt x 316.0608pt>
File: ./images/ZL33.png Graphic file (type png)
<use ./images/ZL33.png>
Package pdftex.def Info: ./images/ZL33.png  used on input line 246.
(pdftex.def)             Requested size: 421.57396pt x 316.06003pt.
 <./images/ZL33.png (PNG copy)> <a1,fr32>
<./images/ZL34.png, id=439, 421.575pt x 316.0608pt>
File: ./images/ZL34.png Graphic file (type png)
<use ./images/ZL34.png>
Package pdftex.def Info: ./images/ZL34.png  used on input line 246.
(pdftex.def)             Requested size: 421.57396pt x 316.06003pt.
 <./images/ZL34.png (PNG copy)> <a1,fr33>
<./images/ZL35.png, id=442, 421.575pt x 316.0608pt>
File: ./images/ZL35.png Graphic file (type png)
<use ./images/ZL35.png>
Package pdftex.def Info: ./images/ZL35.png  used on input line 246.
(pdftex.def)             Requested size: 421.57396pt x 316.06003pt.
 <./images/ZL35.png (PNG copy)> <a1,fr34>
<./images/ZL36.png, id=445, 421.575pt x 316.0608pt>
File: ./images/ZL36.png Graphic file (type png)
<use ./images/ZL36.png>
Package pdftex.def Info: ./images/ZL36.png  used on input line 246.
(pdftex.def)             Requested size: 421.57396pt x 316.06003pt.
 <./images/ZL36.png (PNG copy)> <a1,fr35>
<./images/ZL37.png, id=448, 421.575pt x 316.0608pt>
File: ./images/ZL37.png Graphic file (type png)
<use ./images/ZL37.png>
Package pdftex.def Info: ./images/ZL37.png  used on input line 246.
(pdftex.def)             Requested size: 421.57396pt x 316.06003pt.
 <./images/ZL37.png (PNG copy)> <a1,fr36>
<./images/ZL38.png, id=451, 421.575pt x 316.0608pt>
File: ./images/ZL38.png Graphic file (type png)
<use ./images/ZL38.png>
Package pdftex.def Info: ./images/ZL38.png  used on input line 246.
(pdftex.def)             Requested size: 421.57396pt x 316.06003pt.
 <./images/ZL38.png (PNG copy)> <a1,fr37>
<./images/ZL39.png, id=454, 421.575pt x 316.0608pt>
File: ./images/ZL39.png Graphic file (type png)
<use ./images/ZL39.png>
Package pdftex.def Info: ./images/ZL39.png  used on input line 246.
(pdftex.def)             Requested size: 421.57396pt x 316.06003pt.
 <./images/ZL39.png (PNG copy)> <a1,fr38>
<./images/ZL40.png, id=457, 421.575pt x 316.0608pt>
File: ./images/ZL40.png Graphic file (type png)
<use ./images/ZL40.png>
Package pdftex.def Info: ./images/ZL40.png  used on input line 246.
(pdftex.def)             Requested size: 421.57396pt x 316.06003pt.
 <./images/ZL40.png (PNG copy)> <a1,fr39>
<./images/ZL41.png, id=460, 421.575pt x 316.0608pt>
File: ./images/ZL41.png Graphic file (type png)
<use ./images/ZL41.png>
Package pdftex.def Info: ./images/ZL41.png  used on input line 246.
(pdftex.def)             Requested size: 421.57396pt x 316.06003pt.
 <./images/ZL41.png (PNG copy)> <a1,fr40>
<./images/ZL42.png, id=463, 421.575pt x 316.0608pt>
File: ./images/ZL42.png Graphic file (type png)
<use ./images/ZL42.png>
Package pdftex.def Info: ./images/ZL42.png  used on input line 246.
(pdftex.def)             Requested size: 421.57396pt x 316.06003pt.
 <./images/ZL42.png (PNG copy)> <a1,fr41>
<./images/ZL43.png, id=466, 421.575pt x 316.0608pt>
File: ./images/ZL43.png Graphic file (type png)
<use ./images/ZL43.png>
Package pdftex.def Info: ./images/ZL43.png  used on input line 246.
(pdftex.def)             Requested size: 421.57396pt x 316.06003pt.
 <./images/ZL43.png (PNG copy)> <a1,fr42>
<./images/ZL44.png, id=469, 421.575pt x 316.0608pt>
File: ./images/ZL44.png Graphic file (type png)
<use ./images/ZL44.png>
Package pdftex.def Info: ./images/ZL44.png  used on input line 246.
(pdftex.def)             Requested size: 421.57396pt x 316.06003pt.
 <./images/ZL44.png (PNG copy)> <a1,fr43>
<./images/ZL45.png, id=472, 421.575pt x 316.0608pt>
File: ./images/ZL45.png Graphic file (type png)
<use ./images/ZL45.png>
Package pdftex.def Info: ./images/ZL45.png  used on input line 246.
(pdftex.def)             Requested size: 421.57396pt x 316.06003pt.
 <./images/ZL45.png (PNG copy)> <a1,fr44>
<./images/ZL46.png, id=475, 421.575pt x 316.0608pt>
File: ./images/ZL46.png Graphic file (type png)
<use ./images/ZL46.png>
Package pdftex.def Info: ./images/ZL46.png  used on input line 246.
(pdftex.def)             Requested size: 421.57396pt x 316.06003pt.
 <./images/ZL46.png (PNG copy)> <a1,fr45>
<./images/ZL47.png, id=478, 421.575pt x 316.0608pt>
File: ./images/ZL47.png Graphic file (type png)
<use ./images/ZL47.png>
Package pdftex.def Info: ./images/ZL47.png  used on input line 246.
(pdftex.def)             Requested size: 421.57396pt x 316.06003pt.
 <./images/ZL47.png (PNG copy)>
<a1,fr46>
<./images/ZL48.png, id=481, 421.575pt x 316.0608pt>
File: ./images/ZL48.png Graphic file (type png)
<use ./images/ZL48.png>
Package pdftex.def Info: ./images/ZL48.png  used on input line 246.
(pdftex.def)             Requested size: 421.57396pt x 316.06003pt.
 <./images/ZL48.png (PNG copy)> <a1,fr47>
<./images/ZL49.png, id=484, 421.575pt x 316.0608pt>
File: ./images/ZL49.png Graphic file (type png)
<use ./images/ZL49.png>
Package pdftex.def Info: ./images/ZL49.png  used on input line 246.
(pdftex.def)             Requested size: 421.57396pt x 316.06003pt.
 <./images/ZL49.png (PNG copy)> <a1,fr48>
<./images/ZL50.png, id=487, 421.575pt x 316.0608pt>
File: ./images/ZL50.png Graphic file (type png)
<use ./images/ZL50.png>
Package pdftex.def Info: ./images/ZL50.png  used on input line 246.
(pdftex.def)             Requested size: 421.57396pt x 316.06003pt.
 <./images/ZL50.png (PNG copy)> <a1,fr49>
<./images/ZL51.png, id=490, 421.575pt x 316.0608pt>
File: ./images/ZL51.png Graphic file (type png)
<use ./images/ZL51.png>
Package pdftex.def Info: ./images/ZL51.png  used on input line 246.
(pdftex.def)             Requested size: 421.57396pt x 316.06003pt.
 <./images/ZL51.png (PNG copy)> <a1,fr50>
<./images/ZL52.png, id=493, 421.575pt x 316.0608pt>
File: ./images/ZL52.png Graphic file (type png)
<use ./images/ZL52.png>
Package pdftex.def Info: ./images/ZL52.png  used on input line 246.
(pdftex.def)             Requested size: 421.57396pt x 316.06003pt.
 <./images/ZL52.png (PNG copy)> <a1,fr51>
<./images/ZL53.png, id=496, 421.575pt x 316.0608pt>
File: ./images/ZL53.png Graphic file (type png)
<use ./images/ZL53.png>
Package pdftex.def Info: ./images/ZL53.png  used on input line 246.
(pdftex.def)             Requested size: 421.57396pt x 316.06003pt.
 <./images/ZL53.png (PNG copy)> <a1,fr52>
<./images/ZL54.png, id=499, 421.575pt x 316.0608pt>
File: ./images/ZL54.png Graphic file (type png)
<use ./images/ZL54.png>
Package pdftex.def Info: ./images/ZL54.png  used on input line 246.
(pdftex.def)             Requested size: 421.57396pt x 316.06003pt.
 <./images/ZL54.png (PNG copy)> <a1,fr53>
<./images/ZL55.png, id=502, 421.575pt x 316.0608pt>
File: ./images/ZL55.png Graphic file (type png)
<use ./images/ZL55.png>
Package pdftex.def Info: ./images/ZL55.png  used on input line 246.
(pdftex.def)             Requested size: 421.57396pt x 316.06003pt.
 <./images/ZL55.png (PNG copy)> <a1,fr54>
<./images/ZL56.png, id=505, 421.575pt x 316.0608pt>
File: ./images/ZL56.png Graphic file (type png)
<use ./images/ZL56.png>
Package pdftex.def Info: ./images/ZL56.png  used on input line 246.
(pdftex.def)             Requested size: 421.57396pt x 316.06003pt.
 <./images/ZL56.png (PNG copy)> <a1,fr55>
<./images/ZL57.png, id=508, 421.575pt x 316.0608pt>
File: ./images/ZL57.png Graphic file (type png)
<use ./images/ZL57.png>
Package pdftex.def Info: ./images/ZL57.png  used on input line 246.
(pdftex.def)             Requested size: 421.57396pt x 316.06003pt.
 <./images/ZL57.png (PNG copy)> <a1,fr56>
<./images/ZL58.png, id=511, 421.575pt x 316.0608pt>
File: ./images/ZL58.png Graphic file (type png)
<use ./images/ZL58.png>
Package pdftex.def Info: ./images/ZL58.png  used on input line 246.
(pdftex.def)             Requested size: 421.57396pt x 316.06003pt.
 <./images/ZL58.png (PNG copy)> <a1,fr57>
<./images/ZL59.png, id=514, 421.575pt x 316.0608pt>
File: ./images/ZL59.png Graphic file (type png)
<use ./images/ZL59.png>
Package pdftex.def Info: ./images/ZL59.png  used on input line 246.
(pdftex.def)             Requested size: 421.57396pt x 316.06003pt.
 <./images/ZL59.png (PNG copy)> <a1,fr58>
<./images/ZL60.png, id=517, 421.575pt x 316.0608pt>
File: ./images/ZL60.png Graphic file (type png)
<use ./images/ZL60.png>
Package pdftex.def Info: ./images/ZL60.png  used on input line 246.
(pdftex.def)             Requested size: 421.57396pt x 316.06003pt.
 <./images/ZL60.png (PNG copy)> <a1,fr59>
<./images/ZL61.png, id=520, 421.575pt x 316.0608pt>
File: ./images/ZL61.png Graphic file (type png)
<use ./images/ZL61.png>
Package pdftex.def Info: ./images/ZL61.png  used on input line 246.
(pdftex.def)             Requested size: 421.57396pt x 316.06003pt.
 <./images/ZL61.png (PNG copy)> <a1,fr60>
<./images/ZL62.png, id=523, 421.575pt x 316.0608pt>
File: ./images/ZL62.png Graphic file (type png)
<use ./images/ZL62.png>
Package pdftex.def Info: ./images/ZL62.png  used on input line 246.
(pdftex.def)             Requested size: 421.57396pt x 316.06003pt.
 <./images/ZL62.png (PNG copy)> <a1,fr61>
<./images/ZL63.png, id=526, 421.575pt x 316.0608pt>
File: ./images/ZL63.png Graphic file (type png)
<use ./images/ZL63.png>
Package pdftex.def Info: ./images/ZL63.png  used on input line 246.
(pdftex.def)             Requested size: 421.57396pt x 316.06003pt.
 <./images/ZL63.png (PNG copy)> <a1,fr62> [2] [3] [4]
Underfull \hbox (badness 5924) in paragraph at lines 406--422
\T1/cmr/m/n/10.95 Z p-mho m-en RLC me-t-rem zs-k-vme
 []


Overfull \hbox (5.27344pt too wide) in paragraph at lines 406--422
[] 
 []

[5]
<./images/RLCGphi.png, id=661, 170.3163pt x 123.0999pt>
File: ./images/RLCGphi.png Graphic file (type png)
<use ./images/RLCGphi.png>
Package pdftex.def Info: ./images/RLCGphi.png  used on input line 480.
(pdftex.def)             Requested size: 170.31587pt x 123.09958pt.

Overfull \hbox (5.10149pt too wide) in paragraph at lines 455--484
[] 
 []

[6 <./images/RLCGphi.png (PNG copy)>]
<./images/podkriticke.png, id=672, 408.3255pt x 316.5426pt>
File: ./images/podkriticke.png Graphic file (type png)
<use ./images/podkriticke.png>
Package pdftex.def Info: ./images/podkriticke.png  used on input line 501.
(pdftex.def)             Requested size: 408.3245pt x 316.54182pt.
<./images/kriticke.png, id=674, 419.166pt x 316.5426pt>
File: ./images/kriticke.png Graphic file (type png)
<use ./images/kriticke.png>
Package pdftex.def Info: ./images/kriticke.png  used on input line 512.
(pdftex.def)             Requested size: 419.16498pt x 316.54182pt.
<./images/nadkriticke.png, id=675, 419.166pt x 316.5426pt>
File: ./images/nadkriticke.png Graphic file (type png)
<use ./images/nadkriticke.png>
Package pdftex.def Info: ./images/nadkriticke.png  used on input line 519.
(pdftex.def)             Requested size: 419.16498pt x 316.54182pt.

Overfull \vbox (43.59177pt too high) has occurred while \output is active []


[7 <./images/podkriticke.png> <./images/kriticke.png> <./images/nadkriticke.png
>] [8] (RLC.aux)
 ***********
LaTeX2e <2023-11-01> patch level 1
L3 programming layer <2024-02-20>
 ***********
Package rerunfilecheck Info: File `RLC.out' has not changed.
(rerunfilecheck)             Checksum: E42807AFCBABEE435C1390DBEAF3787F;2073.
Package logreq Info: Writing requests to 'RLC.run.xml'.
\openout1 = `RLC.run.xml'.

 ) 
Here is how much of TeX's memory you used:
 26235 strings out of 474435
 470659 string characters out of 5741933
 1957190 words of memory out of 5000000
 48151 multiletter control sequences out of 15000+600000
 580868 words of font info for 92 fonts, out of 8000000 for 9000
 1141 hyphenation exceptions out of 8191
 83i,11n,131p,1081b,1642s stack positions out of 10000i,1000n,20000p,200000b,200000s
 <C:\Users\teodd\AppData\Local\MiKTeX\fonts/pk/ljfour/jknappen/ec/dpi600\ecbx
1095.pk> <C:\Users\teodd\AppData\Local\MiKTeX\fonts/pk/ljfour/jknappen/ec/dpi60
0\ecrm0900.pk> <C:\Users\teodd\AppData\Local\MiKTeX\fonts/pk/ljfour/jknappen/ec
/dpi600\tcrm1095.pk> <C:\Users\teodd\AppData\Local\MiKTeX\fonts/pk/ljfour/jknap
pen/ec/dpi600\ecti1095.pk> <C:\Users\teodd\AppData\Local\MiKTeX\fonts/pk/ljfour
/jknappen/ec/dpi600\ecbx1200.pk> <C:\Users\teodd\AppData\Local\MiKTeX\fonts/pk/
ljfour/jknappen/ec/dpi600\ecrm1095.pk> <C:\Users\teodd\AppData\Local\MiKTeX\fon
ts/pk/ljfour/jknappen/ec/dpi600\ecbx1440.pk> <C:\Users\teodd\AppData\Local\MiKT
eX\fonts/pk/ljfour/jknappen/ec/dpi600\ecsx1440.pk> <C:\Users\teodd\AppData\Loca
l\MiKTeX\fonts/pk/ljfour/jknappen/ec/dpi600\ecss1200.pk> <C:\Users\teodd\AppDat
a\Local\MiKTeX\fonts/pk/ljfour/jknappen/ec/dpi600\ecsx1200.pk> <C:\Users\teodd\
AppData\Local\MiKTeX\fonts/pk/ljfour/jknappen/ec/dpi600\ecsx2074.pk> <C:\Users\
teodd\AppData\Local\MiKTeX\fonts/pk/ljfour/jknappen/ec/dpi600\ecss1440.pk><C:/U
sers/teodd/AppData/Local/Programs/MiKTeX/fonts/type1/public/amsfonts/cm/cmex10.
pfb><C:/Users/teodd/AppData/Local/Programs/MiKTeX/fonts/type1/public/amsfonts/c
m/cmmi10.pfb><C:/Users/teodd/AppData/Local/Programs/MiKTeX/fonts/type1/public/a
msfonts/cm/cmmi12.pfb><C:/Users/teodd/AppData/Local/Programs/MiKTeX/fonts/type1
/public/amsfonts/cm/cmmi6.pfb><C:/Users/teodd/AppData/Local/Programs/MiKTeX/fon
ts/type1/public/amsfonts/cm/cmmi8.pfb><C:/Users/teodd/AppData/Local/Programs/Mi
KTeX/fonts/type1/public/amsfonts/cm/cmmi9.pfb><C:/Users/teodd/AppData/Local/Pro
grams/MiKTeX/fonts/type1/public/amsfonts/cm/cmr10.pfb><C:/Users/teodd/AppData/L
ocal/Programs/MiKTeX/fonts/type1/public/amsfonts/cm/cmr12.pfb><C:/Users/teodd/A
ppData/Local/Programs/MiKTeX/fonts/type1/public/amsfonts/cm/cmr6.pfb><C:/Users/
teodd/AppData/Local/Programs/MiKTeX/fonts/type1/public/amsfonts/cm/cmr8.pfb><C:
/Users/teodd/AppData/Local/Programs/MiKTeX/fonts/type1/public/amsfonts/cm/cmr9.
pfb><C:/Users/teodd/AppData/Local/Programs/MiKTeX/fonts/type1/public/amsfonts/c
m/cmsy10.pfb><C:/Users/teodd/AppData/Local/Programs/MiKTeX/fonts/type1/public/a
msfonts/cm/cmsy6.pfb><C:/Users/teodd/AppData/Local/Programs/MiKTeX/fonts/type1/
public/amsfonts/cm/cmsy8.pfb><C:/Users/teodd/AppData/Local/Programs/MiKTeX/font
s/type1/public/amsfonts/cm/cmsy9.pfb>
Output written on RLC.pdf (8 pages, 5584279 bytes).
PDF statistics:
 1179 PDF objects out of 1200 (max. 8388607)
 76 named destinations out of 1000 (max. 500000)
 1506 words of extra memory for PDF output out of 10000 (max. 10000000)

